<?xml version="1.0" encoding="UTF-8"?>
<coverage generated="1770074249650" clover="3.2.0">
  <project timestamp="1770074249651" name="All files">
    <metrics statements="350" coveredstatements="133" conditionals="254" coveredconditionals="41" methods="53" coveredmethods="15" elements="657" coveredelements="189" complexity="0" loc="350" ncloc="350" packages="1" files="6" classes="6"/>
    <file name="klaviyo-seeding.server.ts" path="/Users/willysair/Documents/Yno/LiberoVino/yno-libero-vino/app/lib/communication/klaviyo-seeding.server.ts">
      <metrics statements="84" coveredstatements="84" conditionals="43" coveredconditionals="38" methods="11" coveredmethods="11"/>
      <line num="1" count="1" type="stmt"/>
      <line num="11" count="1" type="stmt"/>
      <line num="34" count="1" type="stmt"/>
      <line num="111" count="1" type="stmt"/>
      <line num="113" count="1" type="stmt"/>
      <line num="127" count="1" type="stmt"/>
      <line num="141" count="1" type="stmt"/>
      <line num="144" count="2" type="stmt"/>
      <line num="150" count="2" type="stmt"/>
      <line num="156" count="2" type="stmt"/>
      <line num="157" count="2" type="stmt"/>
      <line num="158" count="2" type="stmt"/>
      <line num="160" count="2" type="stmt"/>
      <line num="161" count="15" type="stmt"/>
      <line num="162" count="15" type="stmt"/>
      <line num="163" count="15" type="stmt"/>
      <line num="164" count="15" type="stmt"/>
      <line num="166" count="15" type="stmt"/>
      <line num="167" count="15" type="stmt"/>
      <line num="169" count="15" type="stmt"/>
      <line num="170" count="15" type="stmt"/>
      <line num="172" count="15" type="stmt"/>
      <line num="191" count="15" type="stmt"/>
      <line num="194" count="2" type="stmt"/>
      <line num="203" count="1" type="stmt"/>
      <line num="206" count="15" type="stmt"/>
      <line num="207" count="15" type="stmt"/>
      <line num="208" count="15" type="stmt"/>
      <line num="220" count="15" type="stmt"/>
      <line num="223" count="30" type="stmt"/>
      <line num="224" count="30" type="stmt"/>
      <line num="226" count="15" type="stmt"/>
      <line num="229" count="15" type="stmt"/>
      <line num="230" count="15" type="stmt"/>
      <line num="233" count="15" type="stmt"/>
      <line num="234" count="15" type="stmt"/>
      <line num="236" count="15" type="stmt"/>
      <line num="237" count="15" type="stmt"/>
      <line num="238" count="15" type="stmt"/>
      <line num="241" count="15" type="stmt"/>
      <line num="242" count="15" type="stmt"/>
      <line num="245" count="15" type="stmt"/>
      <line num="247" count="15" type="stmt"/>
      <line num="252" count="15" type="stmt"/>
      <line num="254" count="15" type="stmt"/>
      <line num="255" count="15" type="cond" truecount="1" falsecount="1"/>
      <line num="258" count="15" type="cond" truecount="2" falsecount="0"/>
      <line num="260" count="1" type="stmt"/>
      <line num="261" count="1" type="cond" truecount="1" falsecount="1"/>
      <line num="262" count="14" type="cond" truecount="2" falsecount="0"/>
      <line num="264" count="2" type="stmt"/>
      <line num="265" count="2" type="cond" truecount="1" falsecount="1"/>
      <line num="266" count="12" type="cond" truecount="2" falsecount="0"/>
      <line num="268" count="2" type="stmt"/>
      <line num="269" count="2" type="cond" truecount="1" falsecount="1"/>
      <line num="271" count="10" type="stmt"/>
      <line num="275" count="15" type="stmt"/>
      <line num="277" count="15" type="stmt"/>
      <line num="281" count="30" type="cond" truecount="10" falsecount="0"/>
      <line num="283" count="4" type="stmt"/>
      <line num="290" count="6" type="stmt"/>
      <line num="295" count="4" type="stmt"/>
      <line num="299" count="4" type="stmt"/>
      <line num="303" count="4" type="stmt"/>
      <line num="308" count="2" type="stmt"/>
      <line num="312" count="2" type="stmt"/>
      <line num="318" count="4" type="stmt"/>
      <line num="325" count="35" type="cond" truecount="10" falsecount="0"/>
      <line num="327" count="6" type="stmt"/>
      <line num="329" count="6" type="stmt"/>
      <line num="331" count="3" type="stmt"/>
      <line num="334" count="8" type="stmt"/>
      <line num="336" count="4" type="stmt"/>
      <line num="338" count="2" type="stmt"/>
      <line num="340" count="2" type="stmt"/>
      <line num="343" count="4" type="stmt"/>
      <line num="348" count="15" type="stmt"/>
      <line num="365" count="30" type="stmt"/>
      <line num="369" count="30" type="stmt"/>
      <line num="376" count="15" type="stmt"/>
      <line num="378" count="15" type="stmt"/>
      <line num="381" count="15" type="cond" truecount="1" falsecount="0"/>
      <line num="382" count="2" type="stmt"/>
      <line num="385" count="13" type="stmt"/>
    </file>
    <file name="klaviyo.constants.ts" path="/Users/willysair/Documents/Yno/LiberoVino/yno-libero-vino/app/lib/communication/klaviyo.constants.ts">
      <metrics statements="5" coveredstatements="5" conditionals="0" coveredconditionals="0" methods="0" coveredmethods="0"/>
      <line num="1" count="1" type="stmt"/>
      <line num="15" count="1" type="stmt"/>
      <line num="23" count="1" type="stmt"/>
      <line num="29" count="1" type="stmt"/>
      <line num="43" count="1" type="stmt"/>
    </file>
    <file name="mailchimp-seeding.server.ts" path="/Users/willysair/Documents/Yno/LiberoVino/yno-libero-vino/app/lib/communication/mailchimp-seeding.server.ts">
      <metrics statements="81" coveredstatements="4" conditionals="56" coveredconditionals="0" methods="17" coveredmethods="0"/>
      <line num="1" count="1" type="stmt"/>
      <line num="7" count="1" type="stmt"/>
      <line num="44" count="1" type="stmt"/>
      <line num="45" count="0" type="cond" truecount="0" falsecount="3"/>
      <line num="46" count="0" type="stmt"/>
      <line num="51" count="0" type="stmt"/>
      <line num="57" count="0" type="stmt"/>
      <line num="68" count="0" type="cond" truecount="0" falsecount="1"/>
      <line num="69" count="0" type="stmt"/>
      <line num="72" count="0" type="stmt"/>
      <line num="74" count="0" type="stmt"/>
      <line num="79" count="0" type="stmt"/>
      <line num="80" count="0" type="stmt"/>
      <line num="81" count="0" type="stmt"/>
      <line num="82" count="0" type="stmt"/>
      <line num="88" count="0" type="stmt"/>
      <line num="89" count="0" type="stmt"/>
      <line num="95" count="0" type="stmt"/>
      <line num="116" count="0" type="cond" truecount="0" falsecount="1"/>
      <line num="117" count="0" type="cond" truecount="0" falsecount="3"/>
      <line num="124" count="0" type="stmt"/>
      <line num="125" count="0" type="stmt"/>
      <line num="126" count="0" type="stmt"/>
      <line num="139" count="0" type="stmt"/>
      <line num="140" count="0" type="cond" truecount="0" falsecount="1"/>
      <line num="141" count="0" type="stmt"/>
      <line num="144" count="0" type="stmt"/>
      <line num="169" count="0" type="stmt"/>
      <line num="170" count="0" type="stmt"/>
      <line num="174" count="0" type="stmt"/>
      <line num="175" count="0" type="cond" truecount="0" falsecount="1"/>
      <line num="176" count="0" type="stmt"/>
      <line num="179" count="0" type="stmt"/>
      <line num="189" count="0" type="stmt"/>
      <line num="191" count="0" type="stmt"/>
      <line num="196" count="0" type="stmt"/>
      <line num="199" count="0" type="stmt"/>
      <line num="200" count="0" type="cond" truecount="0" falsecount="2"/>
      <line num="201" count="0" type="stmt"/>
      <line num="204" count="0" type="stmt"/>
      <line num="205" count="0" type="cond" truecount="0" falsecount="1"/>
      <line num="206" count="0" type="stmt"/>
      <line num="207" count="0" type="stmt"/>
      <line num="210" count="0" type="stmt"/>
      <line num="211" count="0" type="stmt"/>
      <line num="224" count="0" type="stmt"/>
      <line num="227" count="0" type="cond" truecount="0" falsecount="2"/>
      <line num="228" count="0" type="cond" truecount="0" falsecount="4"/>
      <line num="229" count="0" type="stmt"/>
      <line num="231" count="0" type="stmt"/>
      <line num="239" count="0" type="stmt"/>
      <line num="243" count="0" type="stmt"/>
      <line num="244" count="0" type="stmt"/>
      <line num="245" count="0" type="cond" truecount="0" falsecount="1"/>
      <line num="246" count="0" type="stmt"/>
      <line num="250" count="0" type="stmt"/>
      <line num="253" count="0" type="stmt"/>
      <line num="254" count="0" type="stmt"/>
      <line num="255" count="0" type="cond" truecount="0" falsecount="1"/>
      <line num="256" count="0" type="stmt"/>
      <line num="260" count="0" type="cond" truecount="0" falsecount="1"/>
      <line num="261" count="0" type="stmt"/>
      <line num="266" count="0" type="cond" truecount="0" falsecount="1"/>
      <line num="267" count="0" type="stmt"/>
      <line num="268" count="0" type="stmt"/>
      <line num="273" count="0" type="stmt"/>
      <line num="277" count="0" type="stmt"/>
      <line num="285" count="0" type="cond" truecount="0" falsecount="1"/>
      <line num="286" count="0" type="stmt"/>
      <line num="287" count="0" type="stmt"/>
      <line num="290" count="0" type="stmt"/>
      <line num="294" count="1" type="stmt"/>
      <line num="295" count="0" type="stmt"/>
      <line num="296" count="0" type="stmt"/>
      <line num="297" count="0" type="stmt"/>
      <line num="298" count="0" type="stmt"/>
      <line num="303" count="0" type="cond" truecount="0" falsecount="4"/>
      <line num="305" count="0" type="stmt"/>
      <line num="307" count="0" type="stmt"/>
      <line num="309" count="0" type="stmt"/>
      <line num="311" count="0" type="stmt"/>
    </file>
    <file name="mailchimp.constants.ts" path="/Users/willysair/Documents/Yno/LiberoVino/yno-libero-vino/app/lib/communication/mailchimp.constants.ts">
      <metrics statements="8" coveredstatements="8" conditionals="0" coveredconditionals="0" methods="1" coveredmethods="1"/>
      <line num="1" count="1" type="stmt"/>
      <line num="13" count="1" type="stmt"/>
      <line num="19" count="1" type="stmt"/>
      <line num="20" count="1" type="stmt"/>
      <line num="22" count="1" type="stmt"/>
      <line num="40" count="1" type="stmt"/>
      <line num="56" count="1" type="stmt"/>
      <line num="57" count="9" type="stmt"/>
    </file>
    <file name="template-variables.ts" path="/Users/willysair/Documents/Yno/LiberoVino/yno-libero-vino/app/lib/communication/template-variables.ts">
      <metrics statements="16" coveredstatements="9" conditionals="4" coveredconditionals="0" methods="3" coveredmethods="0"/>
      <line num="27" count="1" type="stmt"/>
      <line num="91" count="1" type="stmt"/>
      <line num="129" count="1" type="stmt"/>
      <line num="155" count="1" type="stmt"/>
      <line num="185" count="1" type="stmt"/>
      <line num="215" count="1" type="stmt"/>
      <line num="226" count="1" type="stmt"/>
      <line num="227" count="0" type="stmt"/>
      <line num="233" count="1" type="stmt"/>
      <line num="234" count="0" type="stmt"/>
      <line num="240" count="1" type="stmt"/>
      <line num="241" count="0" type="cond" truecount="0" falsecount="4"/>
      <line num="243" count="0" type="stmt"/>
      <line num="245" count="0" type="stmt"/>
      <line num="248" count="0" type="stmt"/>
      <line num="250" count="0" type="stmt"/>
    </file>
    <file name="templates.server.ts" path="/Users/willysair/Documents/Yno/LiberoVino/yno-libero-vino/app/lib/communication/templates.server.ts">
      <metrics statements="156" coveredstatements="23" conditionals="151" coveredconditionals="3" methods="21" coveredmethods="3"/>
      <line num="6" count="1" type="stmt"/>
      <line num="7" count="1" type="stmt"/>
      <line num="9" count="1" type="stmt"/>
      <line num="10" count="1" type="stmt"/>
      <line num="11" count="1" type="stmt"/>
      <line num="13" count="1" type="stmt"/>
      <line num="19" count="1" type="stmt"/>
      <line num="20" count="15" type="stmt"/>
      <line num="21" count="15" type="stmt"/>
      <line num="23" count="15" type="stmt"/>
      <line num="24" count="15" type="stmt"/>
      <line num="26" count="0" type="cond" truecount="0" falsecount="2"/>
      <line num="34" count="1" type="stmt"/>
      <line num="38" count="0" type="stmt"/>
      <line num="41" count="0" type="stmt"/>
      <line num="42" count="0" type="stmt"/>
      <line num="43" count="0" type="cond" truecount="0" falsecount="2"/>
      <line num="44" count="0" type="stmt"/>
      <line num="47" count="0" type="stmt"/>
      <line num="58" count="0" type="cond" truecount="0" falsecount="1"/>
      <line num="61" count="0" type="cond" truecount="0" falsecount="3"/>
      <line num="63" count="0" type="stmt"/>
      <line num="64" count="0" type="cond" truecount="0" falsecount="1"/>
      <line num="65" count="0" type="stmt"/>
      <line num="66" count="0" type="stmt"/>
      <line num="67" count="0" type="stmt"/>
      <line num="74" count="0" type="cond" truecount="0" falsecount="2"/>
      <line num="78" count="0" type="stmt"/>
      <line num="81" count="0" type="stmt"/>
      <line num="84" count="1" type="stmt"/>
      <line num="94" count="0" type="cond" truecount="0" falsecount="4"/>
      <line num="99" count="0" type="stmt"/>
      <line num="100" count="0" type="cond" truecount="0" falsecount="2"/>
      <line num="101" count="0" type="stmt"/>
      <line num="102" count="0" type="cond" truecount="0" falsecount="2"/>
      <line num="103" count="0" type="cond" truecount="0" falsecount="3"/>
      <line num="104" count="0" type="cond" truecount="0" falsecount="3"/>
      <line num="107" count="0" type="stmt"/>
      <line num="108" count="0" type="stmt"/>
      <line num="111" count="0" type="stmt"/>
      <line num="112" count="0" type="cond" truecount="0" falsecount="2"/>
      <line num="113" count="0" type="cond" truecount="0" falsecount="2"/>
      <line num="114" count="0" type="cond" truecount="0" falsecount="2"/>
      <line num="117" count="0" type="cond" truecount="0" falsecount="2"/>
      <line num="121" count="0" type="cond" truecount="0" falsecount="2"/>
      <line num="127" count="0" type="stmt"/>
      <line num="128" count="0" type="cond" truecount="0" falsecount="7"/>
      <line num="130" count="0" type="stmt"/>
      <line num="131" count="0" type="stmt"/>
      <line num="132" count="0" type="stmt"/>
      <line num="133" count="0" type="cond" truecount="0" falsecount="1"/>
      <line num="134" count="0" type="cond" truecount="0" falsecount="2"/>
      <line num="138" count="0" type="cond" truecount="0" falsecount="2"/>
      <line num="143" count="0" type="stmt"/>
      <line num="144" count="0" type="stmt"/>
      <line num="145" count="0" type="stmt"/>
      <line num="146" count="0" type="stmt"/>
      <line num="147" count="0" type="stmt"/>
      <line num="148" count="0" type="stmt"/>
      <line num="150" count="0" type="cond" truecount="0" falsecount="1"/>
      <line num="152" count="0" type="cond" truecount="0" falsecount="3"/>
      <line num="153" count="0" type="cond" truecount="0" falsecount="3"/>
      <line num="154" count="0" type="stmt"/>
      <line num="166" count="0" type="stmt"/>
      <line num="167" count="0" type="cond" truecount="0" falsecount="2"/>
      <line num="168" count="0" type="cond" truecount="0" falsecount="2"/>
      <line num="170" count="0" type="cond" truecount="0" falsecount="6"/>
      <line num="172" count="0" type="stmt"/>
      <line num="179" count="0" type="stmt"/>
      <line num="182" count="0" type="cond" truecount="0" falsecount="3"/>
      <line num="183" count="0" type="cond" truecount="0" falsecount="5"/>
      <line num="184" count="0" type="stmt"/>
      <line num="193" count="0" type="cond" truecount="0" falsecount="1"/>
      <line num="194" count="0" type="stmt"/>
      <line num="195" count="0" type="cond" truecount="0" falsecount="2"/>
      <line num="198" count="0" type="cond" truecount="0" falsecount="2"/>
      <line num="199" count="0" type="stmt"/>
      <line num="206" count="0" type="stmt"/>
      <line num="219" count="0" type="cond" truecount="0" falsecount="5"/>
      <line num="220" count="0" type="stmt"/>
      <line num="228" count="0" type="stmt"/>
      <line num="233" count="0" type="stmt"/>
      <line num="247" count="0" type="stmt"/>
      <line num="253" count="1" type="stmt"/>
      <line num="256" count="15" type="stmt"/>
      <line num="258" count="127" type="cond" truecount="3" falsecount="0"/>
      <line num="259" count="26" type="stmt"/>
      <line num="261" count="101" type="stmt"/>
      <line num="269" count="1" type="stmt"/>
      <line num="271" count="0" type="stmt"/>
      <line num="277" count="1" type="stmt"/>
      <line num="278" count="0" type="stmt"/>
      <line num="284" count="1" type="stmt"/>
      <line num="288" count="0" type="stmt"/>
      <line num="291" count="0" type="stmt"/>
      <line num="292" count="0" type="stmt"/>
      <line num="293" count="0" type="stmt"/>
      <line num="296" count="0" type="stmt"/>
      <line num="297" count="0" type="stmt"/>
      <line num="300" count="0" type="stmt"/>
      <line num="301" count="0" type="stmt"/>
      <line num="302" count="0" type="stmt"/>
      <line num="305" count="0" type="cond" truecount="0" falsecount="2"/>
      <line num="306" count="0" type="stmt"/>
      <line num="307" count="0" type="cond" truecount="0" falsecount="1"/>
      <line num="308" count="0" type="stmt"/>
      <line num="311" count="0" type="stmt"/>
      <line num="318" count="0" type="stmt"/>
      <line num="325" count="0" type="stmt"/>
      <line num="341" count="0" type="stmt"/>
      <line num="342" count="0" type="stmt"/>
      <line num="345" count="0" type="cond" truecount="0" falsecount="3"/>
      <line num="346" count="0" type="stmt"/>
      <line num="347" count="0" type="stmt"/>
      <line num="351" count="0" type="cond" truecount="0" falsecount="2"/>
      <line num="352" count="0" type="stmt"/>
      <line num="356" count="0" type="cond" truecount="0" falsecount="2"/>
      <line num="357" count="0" type="cond" truecount="0" falsecount="2"/>
      <line num="358" count="0" type="stmt"/>
      <line num="372" count="0" type="stmt"/>
      <line num="394" count="0" type="stmt"/>
      <line num="396" count="0" type="stmt"/>
      <line num="417" count="0" type="stmt"/>
      <line num="419" count="0" type="stmt"/>
      <line num="437" count="0" type="stmt"/>
      <line num="438" count="0" type="stmt"/>
      <line num="440" count="0" type="stmt"/>
      <line num="464" count="0" type="cond" truecount="0" falsecount="3"/>
      <line num="465" count="0" type="stmt"/>
      <line num="468" count="0" type="stmt"/>
      <line num="469" count="0" type="cond" truecount="0" falsecount="2"/>
      <line num="470" count="0" type="stmt"/>
      <line num="471" count="0" type="cond" truecount="0" falsecount="2"/>
      <line num="476" count="0" type="stmt"/>
      <line num="477" count="0" type="cond" truecount="0" falsecount="4"/>
      <line num="478" count="0" type="stmt"/>
      <line num="484" count="0" type="stmt"/>
      <line num="488" count="0" type="cond" truecount="0" falsecount="2"/>
      <line num="492" count="0" type="stmt"/>
      <line num="510" count="0" type="stmt"/>
      <line num="530" count="0" type="cond" truecount="0" falsecount="2"/>
      <line num="533" count="0" type="cond" truecount="0" falsecount="3"/>
      <line num="534" count="0" type="stmt"/>
      <line num="537" count="0" type="cond" truecount="0" falsecount="4"/>
      <line num="538" count="0" type="stmt"/>
      <line num="539" count="0" type="cond" truecount="0" falsecount="4"/>
      <line num="540" count="0" type="stmt"/>
      <line num="542" count="0" type="cond" truecount="0" falsecount="2"/>
      <line num="543" count="0" type="cond" truecount="0" falsecount="2"/>
      <line num="544" count="0" type="stmt"/>
      <line num="552" count="1" type="stmt"/>
      <line num="553" count="0" type="cond" truecount="0" falsecount="1"/>
      <line num="554" count="0" type="stmt"/>
      <line num="557" count="0" type="stmt"/>
      <line num="566" count="1" type="stmt"/>
      <line num="567" count="0" type="stmt"/>
    </file>
  </project>
</coverage>
