{"/Users/willysair/Documents/Yno/LiberoVino/yno-libero-vino/app/lib/communication/klaviyo-seeding.server.ts": {"path":"/Users/willysair/Documents/Yno/LiberoVino/yno-libero-vino/app/lib/communication/klaviyo-seeding.server.ts","statementMap":{"0":{"start":{"line":141,"column":0},"end":{"line":141,"column":7}},"1":{"start":{"line":203,"column":0},"end":{"line":203,"column":7}},"2":{"start":{"line":1,"column":0},"end":{"line":1,"column":null}},"3":{"start":{"line":11,"column":0},"end":{"line":11,"column":79}},"4":{"start":{"line":34,"column":68},"end":{"line":109,"column":2}},"5":{"start":{"line":111,"column":26},"end":{"line":111,"column":74}},"6":{"start":{"line":113,"column":70},"end":{"line":123,"column":2}},"7":{"start":{"line":127,"column":73},"end":{"line":139,"column":2}},"8":{"start":{"line":144,"column":19},"end":{"line":148,"column":4}},"9":{"start":{"line":150,"column":41},"end":{"line":154,"column":4}},"10":{"start":{"line":156,"column":50},"end":{"line":156,"column":52}},"11":{"start":{"line":157,"column":54},"end":{"line":157,"column":56}},"12":{"start":{"line":158,"column":46},"end":{"line":158,"column":48}},"13":{"start":{"line":160,"column":2},"end":{"line":192,"column":3}},"14":{"start":{"line":161,"column":23},"end":{"line":161,"column":49}},"15":{"start":{"line":162,"column":24},"end":{"line":162,"column":50}},"16":{"start":{"line":163,"column":25},"end":{"line":163,"column":61}},"17":{"start":{"line":164,"column":20},"end":{"line":164,"column":49}},"18":{"start":{"line":166,"column":19},"end":{"line":166,"column":58}},"19":{"start":{"line":167,"column":4},"end":{"line":167,"column":32}},"20":{"start":{"line":169,"column":21},"end":{"line":169,"column":64}},"21":{"start":{"line":170,"column":4},"end":{"line":170,"column":57}},"22":{"start":{"line":172,"column":17},"end":{"line":189,"column":6}},"23":{"start":{"line":191,"column":4},"end":{"line":191,"column":45}},"24":{"start":{"line":194,"column":2},"end":{"line":200,"column":4}},"25":{"start":{"line":206,"column":17},"end":{"line":206,"column":45}},"26":{"start":{"line":207,"column":15},"end":{"line":207,"column":52}},"27":{"start":{"line":208,"column":2},"end":{"line":215,"column":4}},"28":{"start":{"line":220,"column":27},"end":{"line":220,"column":60}},"29":{"start":{"line":223,"column":58},"end":{"line":223,"column":110}},"30":{"start":{"line":224,"column":65},"end":{"line":224,"column":117}},"31":{"start":{"line":226,"column":13},"end":{"line":226,"column":47}},"32":{"start":{"line":229,"column":20},"end":{"line":229,"column":52}},"33":{"start":{"line":230,"column":20},"end":{"line":230,"column":52}},"34":{"start":{"line":233,"column":27},"end":{"line":233,"column":192}},"35":{"start":{"line":234,"column":27},"end":{"line":234,"column":189}},"36":{"start":{"line":236,"column":2},"end":{"line":236,"column":66}},"37":{"start":{"line":237,"column":2},"end":{"line":237,"column":66}},"38":{"start":{"line":238,"column":2},"end":{"line":238,"column":54}},"39":{"start":{"line":241,"column":2},"end":{"line":241,"column":55}},"40":{"start":{"line":242,"column":2},"end":{"line":242,"column":49}},"41":{"start":{"line":245,"column":25},"end":{"line":245,"column":45}},"42":{"start":{"line":247,"column":2},"end":{"line":250,"column":4}},"43":{"start":{"line":252,"column":27},"end":{"line":252,"column":51}},"44":{"start":{"line":254,"column":2},"end":{"line":254,"column":65}},"45":{"start":{"line":255,"column":2},"end":{"line":255,"column":130}},"46":{"start":{"line":258,"column":2},"end":{"line":272,"column":3}},"47":{"start":{"line":260,"column":25},"end":{"line":260,"column":49}},"48":{"start":{"line":261,"column":4},"end":{"line":261,"column":193}},"49":{"start":{"line":262,"column":9},"end":{"line":272,"column":3}},"50":{"start":{"line":264,"column":27},"end":{"line":264,"column":51}},"51":{"start":{"line":265,"column":4},"end":{"line":265,"column":197}},"52":{"start":{"line":266,"column":9},"end":{"line":272,"column":3}},"53":{"start":{"line":268,"column":27},"end":{"line":268,"column":51}},"54":{"start":{"line":269,"column":4},"end":{"line":269,"column":197}},"55":{"start":{"line":271,"column":4},"end":{"line":271,"column":51}},"56":{"start":{"line":275,"column":2},"end":{"line":275,"column":41}},"57":{"start":{"line":277,"column":2},"end":{"line":277,"column":14}},"58":{"start":{"line":281,"column":2},"end":{"line":321,"column":3}},"59":{"start":{"line":283,"column":6},"end":{"line":287,"column":8}},"60":{"start":{"line":290,"column":6},"end":{"line":293,"column":8}},"61":{"start":{"line":295,"column":6},"end":{"line":297,"column":8}},"62":{"start":{"line":299,"column":6},"end":{"line":301,"column":8}},"63":{"start":{"line":303,"column":6},"end":{"line":306,"column":8}},"64":{"start":{"line":308,"column":6},"end":{"line":310,"column":8}},"65":{"start":{"line":312,"column":6},"end":{"line":315,"column":8}},"66":{"start":{"line":318,"column":6},"end":{"line":320,"column":8}},"67":{"start":{"line":325,"column":2},"end":{"line":344,"column":3}},"68":{"start":{"line":327,"column":6},"end":{"line":327,"column":145}},"69":{"start":{"line":329,"column":6},"end":{"line":329,"column":166}},"70":{"start":{"line":331,"column":6},"end":{"line":331,"column":119}},"71":{"start":{"line":334,"column":6},"end":{"line":334,"column":134}},"72":{"start":{"line":336,"column":6},"end":{"line":336,"column":110}},"73":{"start":{"line":338,"column":6},"end":{"line":338,"column":112}},"74":{"start":{"line":340,"column":6},"end":{"line":340,"column":127}},"75":{"start":{"line":343,"column":6},"end":{"line":343,"column":89}},"76":{"start":{"line":348,"column":2},"end":{"line":361,"column":15}},"77":{"start":{"line":365,"column":2},"end":{"line":365,"column":69}},"78":{"start":{"line":369,"column":2},"end":{"line":372,"column":4}},"79":{"start":{"line":376,"column":17},"end":{"line":376,"column":45}},"80":{"start":{"line":378,"column":22},"end":{"line":378,"column":96}},"81":{"start":{"line":381,"column":2},"end":{"line":383,"column":3}},"82":{"start":{"line":382,"column":4},"end":{"line":382,"column":79}},"83":{"start":{"line":385,"column":2},"end":{"line":385,"column":21}}},"fnMap":{"0":{"name":"seedKlaviyoResources","decl":{"start":{"line":141,"column":22},"end":{"line":141,"column":42}},"loc":{"start":{"line":142,"column":29},"end":{"line":201,"column":1}}},"1":{"name":"buildTemplateSeed","decl":{"start":{"line":203,"column":22},"end":{"line":203,"column":39}},"loc":{"start":{"line":204,"column":33},"end":{"line":216,"column":1}}},"2":{"name":"renderHtml","decl":{"start":{"line":218,"column":15},"end":{"line":218,"column":25}},"loc":{"start":{"line":218,"column":73},"end":{"line":278,"column":1}}},"3":{"name":"(anonymous_12)","decl":{"start":{"line":223,"column":58},"end":{"line":223,"column":71}},"loc":{"start":{"line":223,"column":58},"end":{"line":223,"column":110}}},"4":{"name":"(anonymous_13)","decl":{"start":{"line":224,"column":65},"end":{"line":224,"column":78}},"loc":{"start":{"line":224,"column":65},"end":{"line":224,"column":117}}},"5":{"name":"renderHighlight","decl":{"start":{"line":280,"column":9},"end":{"line":280,"column":24}},"loc":{"start":{"line":280,"column":48},"end":{"line":322,"column":1}}},"6":{"name":"renderSecondaryCopy","decl":{"start":{"line":324,"column":9},"end":{"line":324,"column":28}},"loc":{"start":{"line":324,"column":52},"end":{"line":345,"column":1}}},"7":{"name":"renderText","decl":{"start":{"line":347,"column":9},"end":{"line":347,"column":19}},"loc":{"start":{"line":347,"column":67},"end":{"line":362,"column":1}}},"8":{"name":"stripHtml","decl":{"start":{"line":364,"column":9},"end":{"line":364,"column":18}},"loc":{"start":{"line":364,"column":31},"end":{"line":366,"column":1}}},"9":{"name":"withSeedTimestamp","decl":{"start":{"line":368,"column":9},"end":{"line":368,"column":26}},"loc":{"start":{"line":368,"column":71},"end":{"line":373,"column":1}}},"10":{"name":"getSMSBody","decl":{"start":{"line":375,"column":9},"end":{"line":375,"column":19}},"loc":{"start":{"line":375,"column":51},"end":{"line":386,"column":1}}}},"branchMap":{"0":{"loc":{"start":{"line":152,"column":8},"end":{"line":152,"column":57}},"type":"cond-expr","locations":[{"start":{"line":152,"column":35},"end":{"line":152,"column":52}},{"start":{"line":152,"column":55},"end":{"line":152,"column":57}}]},"1":{"loc":{"start":{"line":180,"column":18},"end":{"line":180,"column":45}},"type":"binary-expr","locations":[{"start":{"line":180,"column":18},"end":{"line":180,"column":36}},{"start":{"line":180,"column":40},"end":{"line":180,"column":45}}]},"2":{"loc":{"start":{"line":186,"column":18},"end":{"line":186,"column":82}},"type":"cond-expr","locations":[{"start":{"line":186,"column":53},"end":{"line":186,"column":68}},{"start":{"line":186,"column":71},"end":{"line":186,"column":82}}]},"3":{"loc":{"start":{"line":255,"column":47},"end":{"line":255,"column":128}},"type":"cond-expr","locations":[{"start":{"line":255,"column":66},"end":{"line":255,"column":123}},{"start":{"line":255,"column":126},"end":{"line":255,"column":128}}]},"4":{"loc":{"start":{"line":258,"column":2},"end":{"line":272,"column":3}},"type":"if","locations":[{"start":{"line":258,"column":2},"end":{"line":272,"column":3}},{"start":{"line":262,"column":9},"end":{"line":272,"column":3}}]},"5":{"loc":{"start":{"line":261,"column":47},"end":{"line":261,"column":191}},"type":"cond-expr","locations":[{"start":{"line":261,"column":62},"end":{"line":261,"column":186}},{"start":{"line":261,"column":189},"end":{"line":261,"column":191}}]},"6":{"loc":{"start":{"line":262,"column":9},"end":{"line":272,"column":3}},"type":"if","locations":[{"start":{"line":262,"column":9},"end":{"line":272,"column":3}},{"start":{"line":266,"column":9},"end":{"line":272,"column":3}}]},"7":{"loc":{"start":{"line":265,"column":47},"end":{"line":265,"column":195}},"type":"cond-expr","locations":[{"start":{"line":265,"column":64},"end":{"line":265,"column":190}},{"start":{"line":265,"column":193},"end":{"line":265,"column":195}}]},"8":{"loc":{"start":{"line":266,"column":9},"end":{"line":272,"column":3}},"type":"if","locations":[{"start":{"line":266,"column":9},"end":{"line":272,"column":3}},{"start":{"line":270,"column":9},"end":{"line":272,"column":3}}]},"9":{"loc":{"start":{"line":269,"column":47},"end":{"line":269,"column":195}},"type":"cond-expr","locations":[{"start":{"line":269,"column":64},"end":{"line":269,"column":190}},{"start":{"line":269,"column":193},"end":{"line":269,"column":195}}]},"10":{"loc":{"start":{"line":281,"column":2},"end":{"line":321,"column":3}},"type":"switch","locations":[{"start":{"line":282,"column":4},"end":{"line":287,"column":8}},{"start":{"line":288,"column":4},"end":{"line":288,"column":26}},{"start":{"line":289,"column":4},"end":{"line":293,"column":8}},{"start":{"line":294,"column":4},"end":{"line":297,"column":8}},{"start":{"line":298,"column":4},"end":{"line":301,"column":8}},{"start":{"line":302,"column":4},"end":{"line":306,"column":8}},{"start":{"line":307,"column":4},"end":{"line":310,"column":8}},{"start":{"line":311,"column":4},"end":{"line":315,"column":8}},{"start":{"line":316,"column":4},"end":{"line":316,"column":16}},{"start":{"line":317,"column":4},"end":{"line":320,"column":8}}]},"11":{"loc":{"start":{"line":325,"column":2},"end":{"line":344,"column":3}},"type":"switch","locations":[{"start":{"line":326,"column":4},"end":{"line":327,"column":145}},{"start":{"line":328,"column":4},"end":{"line":329,"column":166}},{"start":{"line":330,"column":4},"end":{"line":331,"column":119}},{"start":{"line":332,"column":4},"end":{"line":332,"column":30}},{"start":{"line":333,"column":4},"end":{"line":334,"column":134}},{"start":{"line":335,"column":4},"end":{"line":336,"column":110}},{"start":{"line":337,"column":4},"end":{"line":338,"column":112}},{"start":{"line":339,"column":4},"end":{"line":340,"column":127}},{"start":{"line":341,"column":4},"end":{"line":341,"column":16}},{"start":{"line":342,"column":4},"end":{"line":343,"column":89}}]},"12":{"loc":{"start":{"line":371,"column":14},"end":{"line":371,"column":59}},"type":"binary-expr","locations":[{"start":{"line":371,"column":14},"end":{"line":371,"column":31}},{"start":{"line":371,"column":35},"end":{"line":371,"column":59}}]},"13":{"loc":{"start":{"line":381,"column":2},"end":{"line":383,"column":3}},"type":"if","locations":[{"start":{"line":381,"column":2},"end":{"line":383,"column":3}}]}},"s":{"0":1,"1":1,"2":1,"3":1,"4":1,"5":1,"6":1,"7":1,"8":2,"9":2,"10":2,"11":2,"12":2,"13":2,"14":15,"15":15,"16":15,"17":15,"18":15,"19":15,"20":15,"21":15,"22":15,"23":15,"24":2,"25":15,"26":15,"27":15,"28":15,"29":30,"30":30,"31":15,"32":15,"33":15,"34":15,"35":15,"36":15,"37":15,"38":15,"39":15,"40":15,"41":15,"42":15,"43":15,"44":15,"45":15,"46":15,"47":1,"48":1,"49":14,"50":2,"51":2,"52":12,"53":2,"54":2,"55":10,"56":15,"57":15,"58":30,"59":4,"60":6,"61":4,"62":4,"63":4,"64":2,"65":2,"66":4,"67":35,"68":6,"69":6,"70":3,"71":8,"72":4,"73":2,"74":2,"75":4,"76":15,"77":30,"78":30,"79":15,"80":15,"81":15,"82":2,"83":13},"f":{"0":2,"1":15,"2":15,"3":15,"4":15,"5":30,"6":35,"7":15,"8":30,"9":30,"10":15},"b":{"0":[1,1],"1":[15,15],"2":[10,5],"3":[15,0],"4":[1,14],"5":[1,0],"6":[2,12],"7":[2,0],"8":[2,10],"9":[2,0],"10":[4,4,6,4,4,4,2,2,4,4],"11":[6,6,3,4,8,4,2,2,4,4],"12":[30,0],"13":[2]}}
,"/Users/willysair/Documents/Yno/LiberoVino/yno-libero-vino/app/lib/communication/klaviyo.constants.ts": {"path":"/Users/willysair/Documents/Yno/LiberoVino/yno-libero-vino/app/lib/communication/klaviyo.constants.ts","statementMap":{"0":{"start":{"line":1,"column":13},"end":{"line":11,"column":11}},"1":{"start":{"line":15,"column":13},"end":{"line":21,"column":2}},"2":{"start":{"line":23,"column":13},"end":{"line":27,"column":2}},"3":{"start":{"line":29,"column":13},"end":{"line":39,"column":11}},"4":{"start":{"line":43,"column":13},"end":{"line":53,"column":11}}},"fnMap":{},"branchMap":{},"s":{"0":1,"1":1,"2":1,"3":1,"4":1},"f":{},"b":{}}
,"/Users/willysair/Documents/Yno/LiberoVino/yno-libero-vino/app/lib/communication/mailchimp-seeding.server.ts": {"path":"/Users/willysair/Documents/Yno/LiberoVino/yno-libero-vino/app/lib/communication/mailchimp-seeding.server.ts","statementMap":{"0":{"start":{"line":44,"column":0},"end":{"line":44,"column":7}},"1":{"start":{"line":294,"column":0},"end":{"line":294,"column":16}},"2":{"start":{"line":1,"column":0},"end":{"line":1,"column":null}},"3":{"start":{"line":7,"column":0},"end":{"line":7,"column":79}},"4":{"start":{"line":45,"column":2},"end":{"line":49,"column":3}},"5":{"start":{"line":46,"column":4},"end":{"line":48,"column":6}},"6":{"start":{"line":51,"column":17},"end":{"line":55,"column":4}},"7":{"start":{"line":57,"column":19},"end":{"line":65,"column":4}},"8":{"start":{"line":68,"column":2},"end":{"line":70,"column":3}},"9":{"start":{"line":69,"column":4},"end":{"line":69,"column":48}},"10":{"start":{"line":72,"column":77},"end":{"line":72,"column":79}},"11":{"start":{"line":74,"column":23},"end":{"line":76,"column":null}},"12":{"start":{"line":79,"column":2},"end":{"line":93,"column":3}},"13":{"start":{"line":80,"column":24},"end":{"line":80,"column":59}},"14":{"start":{"line":81,"column":25},"end":{"line":81,"column":61}},"15":{"start":{"line":82,"column":46},"end":{"line":86,"column":6}},"16":{"start":{"line":88,"column":21},"end":{"line":88,"column":57}},"17":{"start":{"line":89,"column":4},"end":{"line":92,"column":6}},"18":{"start":{"line":95,"column":2},"end":{"line":109,"column":4}},"19":{"start":{"line":116,"column":2},"end":{"line":116,"column":41}},"20":{"start":{"line":116,"column":24},"end":{"line":116,"column":41}},"21":{"start":{"line":117,"column":2},"end":{"line":117,"column":119}},"22":{"start":{"line":117,"column":35},"end":{"line":117,"column":117}},"23":{"start":{"line":124,"column":31},"end":{"line":124,"column":103}},"24":{"start":{"line":125,"column":4},"end":{"line":125,"column":75}},"25":{"start":{"line":126,"column":4},"end":{"line":129,"column":6}},"26":{"start":{"line":139,"column":21},"end":{"line":139,"column":64}},"27":{"start":{"line":140,"column":4},"end":{"line":142,"column":5}},"28":{"start":{"line":141,"column":6},"end":{"line":141,"column":22}},"29":{"start":{"line":144,"column":21},"end":{"line":167,"column":6}},"30":{"start":{"line":169,"column":18},"end":{"line":169,"column":39}},"31":{"start":{"line":170,"column":4},"end":{"line":170,"column":16}},"32":{"start":{"line":174,"column":21},"end":{"line":174,"column":64}},"33":{"start":{"line":175,"column":4},"end":{"line":177,"column":5}},"34":{"start":{"line":176,"column":6},"end":{"line":176,"column":22}},"35":{"start":{"line":179,"column":21},"end":{"line":187,"column":6}},"36":{"start":{"line":189,"column":22},"end":{"line":189,"column":43}},"37":{"start":{"line":191,"column":4},"end":{"line":191,"column":20}},"38":{"start":{"line":196,"column":35},"end":{"line":198,"column":6}},"39":{"start":{"line":199,"column":31},"end":{"line":199,"column":66}},"40":{"start":{"line":200,"column":28},"end":{"line":200,"column":66}},"41":{"start":{"line":201,"column":30},"end":{"line":201,"column":71}},"42":{"start":{"line":201,"column":64},"end":{"line":201,"column":69}},"43":{"start":{"line":204,"column":4},"end":{"line":235,"column":5}},"44":{"start":{"line":205,"column":6},"end":{"line":208,"column":7}},"45":{"start":{"line":206,"column":8},"end":{"line":206,"column":97}},"46":{"start":{"line":207,"column":8},"end":{"line":207,"column":17}},"47":{"start":{"line":210,"column":6},"end":{"line":234,"column":7}},"48":{"start":{"line":211,"column":8},"end":{"line":223,"column":11}},"49":{"start":{"line":224,"column":8},"end":{"line":224,"column":81}},"50":{"start":{"line":227,"column":29},"end":{"line":227,"column":83}},"51":{"start":{"line":228,"column":8},"end":{"line":232,"column":9}},"52":{"start":{"line":229,"column":10},"end":{"line":229,"column":99}},"53":{"start":{"line":231,"column":10},"end":{"line":231,"column":101}},"54":{"start":{"line":239,"column":21},"end":{"line":241,"column":6}},"55":{"start":{"line":243,"column":17},"end":{"line":243,"column":38}},"56":{"start":{"line":244,"column":17},"end":{"line":244,"column":84}},"57":{"start":{"line":244,"column":64},"end":{"line":244,"column":83}},"58":{"start":{"line":245,"column":4},"end":{"line":245,"column":27}},"59":{"start":{"line":245,"column":15},"end":{"line":245,"column":27}},"60":{"start":{"line":246,"column":4},"end":{"line":246,"column":47}},"61":{"start":{"line":250,"column":21},"end":{"line":252,"column":6}},"62":{"start":{"line":253,"column":17},"end":{"line":253,"column":38}},"63":{"start":{"line":254,"column":21},"end":{"line":254,"column":92}},"64":{"start":{"line":254,"column":72},"end":{"line":254,"column":91}},"65":{"start":{"line":255,"column":4},"end":{"line":255,"column":31}},"66":{"start":{"line":255,"column":19},"end":{"line":255,"column":31}},"67":{"start":{"line":256,"column":4},"end":{"line":256,"column":51}},"68":{"start":{"line":260,"column":4},"end":{"line":264,"column":5}},"69":{"start":{"line":261,"column":6},"end":{"line":263,"column":8}},"70":{"start":{"line":266,"column":4},"end":{"line":271,"column":5}},"71":{"start":{"line":267,"column":22},"end":{"line":267,"column":88}},"72":{"start":{"line":268,"column":6},"end":{"line":270,"column":8}},"73":{"start":{"line":273,"column":4},"end":{"line":273,"column":103}},"74":{"start":{"line":277,"column":21},"end":{"line":283,"column":6}},"75":{"start":{"line":285,"column":4},"end":{"line":288,"column":5}},"76":{"start":{"line":286,"column":24},"end":{"line":286,"column":45}},"77":{"start":{"line":287,"column":6},"end":{"line":287,"column":103}},"78":{"start":{"line":290,"column":4},"end":{"line":290,"column":20}},"79":{"start":{"line":295,"column":2},"end":{"line":299,"column":5}},"80":{"start":{"line":296,"column":20},"end":{"line":296,"column":53}},"81":{"start":{"line":297,"column":19},"end":{"line":297,"column":39}},"82":{"start":{"line":298,"column":4},"end":{"line":298,"column":27}},"83":{"start":{"line":303,"column":2},"end":{"line":315,"column":3}},"84":{"start":{"line":305,"column":6},"end":{"line":305,"column":21}},"85":{"start":{"line":307,"column":6},"end":{"line":307,"column":21}},"86":{"start":{"line":309,"column":6},"end":{"line":309,"column":27}},"87":{"start":{"line":311,"column":6},"end":{"line":314,"column":23}}},"fnMap":{"0":{"name":"seedMailchimpResources","decl":{"start":{"line":44,"column":22},"end":{"line":44,"column":44}},"loc":{"start":{"line":44,"column":74},"end":{"line":110,"column":1}}},"1":{"name":"filterMarketingSequences","decl":{"start":{"line":112,"column":9},"end":{"line":112,"column":33}},"loc":{"start":{"line":114,"column":27},"end":{"line":118,"column":1}}},"2":{"name":"(anonymous_2)","decl":{"start":{"line":117,"column":26},"end":{"line":117,"column":27}},"loc":{"start":{"line":117,"column":35},"end":{"line":117,"column":117}}},"3":{"name":"(anonymous_3)","decl":{"start":{"line":124,"column":2},"end":{"line":124,"column":31}},"loc":{"start":{"line":124,"column":103},"end":{"line":130,"column":3}}},"4":{"name":"(anonymous_4)","decl":{"start":{"line":132,"column":2},"end":{"line":132,"column":7}},"loc":{"start":{"line":138,"column":3},"end":{"line":171,"column":3}}},"5":{"name":"(anonymous_5)","decl":{"start":{"line":173,"column":2},"end":{"line":173,"column":7}},"loc":{"start":{"line":173,"column":56},"end":{"line":192,"column":3}}},"6":{"name":"(anonymous_6)","decl":{"start":{"line":194,"column":2},"end":{"line":194,"column":7}},"loc":{"start":{"line":194,"column":44},"end":{"line":236,"column":3}}},"7":{"name":"(anonymous_7)","decl":{"start":{"line":201,"column":57},"end":{"line":201,"column":58}},"loc":{"start":{"line":201,"column":64},"end":{"line":201,"column":69}}},"8":{"name":"(anonymous_8)","decl":{"start":{"line":238,"column":10},"end":{"line":238,"column":15}},"loc":{"start":{"line":238,"column":47},"end":{"line":247,"column":3}}},"9":{"name":"(anonymous_9)","decl":{"start":{"line":244,"column":35},"end":{"line":244,"column":36}},"loc":{"start":{"line":244,"column":64},"end":{"line":244,"column":83}}},"10":{"name":"(anonymous_10)","decl":{"start":{"line":249,"column":10},"end":{"line":249,"column":15}},"loc":{"start":{"line":249,"column":47},"end":{"line":257,"column":3}}},"11":{"name":"(anonymous_11)","decl":{"start":{"line":254,"column":43},"end":{"line":254,"column":44}},"loc":{"start":{"line":254,"column":72},"end":{"line":254,"column":91}}},"12":{"name":"(anonymous_12)","decl":{"start":{"line":259,"column":10},"end":{"line":259,"column":25}},"loc":{"start":{"line":259,"column":25},"end":{"line":274,"column":3}}},"13":{"name":"(anonymous_13)","decl":{"start":{"line":276,"column":10},"end":{"line":276,"column":15}},"loc":{"start":{"line":276,"column":55},"end":{"line":291,"column":3}}},"14":{"name":"convertMergeTags","decl":{"start":{"line":294,"column":16},"end":{"line":294,"column":32}},"loc":{"start":{"line":294,"column":48},"end":{"line":300,"column":1}}},"15":{"name":"(anonymous_15)","decl":{"start":{"line":295,"column":51},"end":{"line":295,"column":52}},"loc":{"start":{"line":295,"column":64},"end":{"line":299,"column":3}}},"16":{"name":"mapMergeTag","decl":{"start":{"line":302,"column":9},"end":{"line":302,"column":20}},"loc":{"start":{"line":302,"column":34},"end":{"line":316,"column":1}}}},"branchMap":{"0":{"loc":{"start":{"line":45,"column":2},"end":{"line":49,"column":3}},"type":"if","locations":[{"start":{"line":45,"column":2},"end":{"line":49,"column":3}}]},"1":{"loc":{"start":{"line":45,"column":6},"end":{"line":45,"column":63}},"type":"binary-expr","locations":[{"start":{"line":45,"column":6},"end":{"line":45,"column":35}},{"start":{"line":45,"column":39},"end":{"line":45,"column":63}}]},"2":{"loc":{"start":{"line":53,"column":17},"end":{"line":53,"column":58}},"type":"binary-expr","locations":[{"start":{"line":53,"column":17},"end":{"line":53,"column":45}},{"start":{"line":53,"column":49},"end":{"line":53,"column":58}}]},"3":{"loc":{"start":{"line":54,"column":12},"end":{"line":54,"column":48}},"type":"binary-expr","locations":[{"start":{"line":54,"column":12},"end":{"line":54,"column":35}},{"start":{"line":54,"column":39},"end":{"line":54,"column":48}}]},"4":{"loc":{"start":{"line":58,"column":10},"end":{"line":58,"column":54}},"type":"binary-expr","locations":[{"start":{"line":58,"column":10},"end":{"line":58,"column":30}},{"start":{"line":58,"column":34},"end":{"line":58,"column":54}}]},"5":{"loc":{"start":{"line":63,"column":6},"end":{"line":64,"column":94}},"type":"binary-expr","locations":[{"start":{"line":63,"column":6},"end":{"line":63,"column":32}},{"start":{"line":64,"column":6},"end":{"line":64,"column":94}}]},"6":{"loc":{"start":{"line":68,"column":2},"end":{"line":70,"column":3}},"type":"if","locations":[{"start":{"line":68,"column":2},"end":{"line":70,"column":3}}]},"7":{"loc":{"start":{"line":85,"column":29},"end":{"line":85,"column":52}},"type":"binary-expr","locations":[{"start":{"line":85,"column":29},"end":{"line":85,"column":46}},{"start":{"line":85,"column":50},"end":{"line":85,"column":52}}]},"8":{"loc":{"start":{"line":91,"column":16},"end":{"line":91,"column":61}},"type":"binary-expr","locations":[{"start":{"line":91,"column":16},"end":{"line":91,"column":33}},{"start":{"line":91,"column":37},"end":{"line":91,"column":61}}]},"9":{"loc":{"start":{"line":99,"column":26},"end":{"line":99,"column":62}},"type":"binary-expr","locations":[{"start":{"line":99,"column":26},"end":{"line":99,"column":54}},{"start":{"line":99,"column":58},"end":{"line":99,"column":62}}]},"10":{"loc":{"start":{"line":100,"column":16},"end":{"line":100,"column":36}},"type":"binary-expr","locations":[{"start":{"line":100,"column":16},"end":{"line":100,"column":28}},{"start":{"line":100,"column":32},"end":{"line":100,"column":36}}]},"11":{"loc":{"start":{"line":101,"column":18},"end":{"line":101,"column":40}},"type":"binary-expr","locations":[{"start":{"line":101,"column":18},"end":{"line":101,"column":32}},{"start":{"line":101,"column":36},"end":{"line":101,"column":40}}]},"12":{"loc":{"start":{"line":102,"column":14},"end":{"line":107,"column":17}},"type":"cond-expr","locations":[{"start":{"line":103,"column":8},"end":{"line":106,"column":null}},{"start":{"line":107,"column":8},"end":{"line":107,"column":17}}]},"13":{"loc":{"start":{"line":105,"column":20},"end":{"line":105,"column":65}},"type":"binary-expr","locations":[{"start":{"line":105,"column":20},"end":{"line":105,"column":37}},{"start":{"line":105,"column":41},"end":{"line":105,"column":65}}]},"14":{"loc":{"start":{"line":116,"column":2},"end":{"line":116,"column":41}},"type":"if","locations":[{"start":{"line":116,"column":2},"end":{"line":116,"column":41}}]},"15":{"loc":{"start":{"line":117,"column":35},"end":{"line":117,"column":117}},"type":"binary-expr","locations":[{"start":{"line":117,"column":35},"end":{"line":117,"column":65}},{"start":{"line":117,"column":69},"end":{"line":117,"column":92}},{"start":{"line":117,"column":96},"end":{"line":117,"column":117}}]},"16":{"loc":{"start":{"line":140,"column":4},"end":{"line":142,"column":5}},"type":"if","locations":[{"start":{"line":140,"column":4},"end":{"line":142,"column":5}}]},"17":{"loc":{"start":{"line":151,"column":20},"end":{"line":151,"column":50}},"type":"binary-expr","locations":[{"start":{"line":151,"column":20},"end":{"line":151,"column":44}},{"start":{"line":151,"column":48},"end":{"line":151,"column":50}}]},"18":{"loc":{"start":{"line":156,"column":17},"end":{"line":156,"column":44}},"type":"binary-expr","locations":[{"start":{"line":156,"column":17},"end":{"line":156,"column":38}},{"start":{"line":156,"column":42},"end":{"line":156,"column":44}}]},"19":{"loc":{"start":{"line":175,"column":4},"end":{"line":177,"column":5}},"type":"if","locations":[{"start":{"line":175,"column":4},"end":{"line":177,"column":5}}]},"20":{"loc":{"start":{"line":200,"column":28},"end":{"line":200,"column":66}},"type":"binary-expr","locations":[{"start":{"line":200,"column":28},"end":{"line":200,"column":60}},{"start":{"line":200,"column":64},"end":{"line":200,"column":66}}]},"21":{"loc":{"start":{"line":205,"column":6},"end":{"line":208,"column":7}},"type":"if","locations":[{"start":{"line":205,"column":6},"end":{"line":208,"column":7}}]},"22":{"loc":{"start":{"line":227,"column":29},"end":{"line":227,"column":83}},"type":"cond-expr","locations":[{"start":{"line":227,"column":54},"end":{"line":227,"column":67}},{"start":{"line":227,"column":70},"end":{"line":227,"column":83}}]},"23":{"loc":{"start":{"line":228,"column":8},"end":{"line":232,"column":9}},"type":"if","locations":[{"start":{"line":228,"column":8},"end":{"line":232,"column":9}},{"start":{"line":230,"column":15},"end":{"line":232,"column":9}}]},"24":{"loc":{"start":{"line":228,"column":12},"end":{"line":228,"column":96}},"type":"binary-expr","locations":[{"start":{"line":228,"column":12},"end":{"line":228,"column":51}},{"start":{"line":228,"column":55},"end":{"line":228,"column":96}}]},"25":{"loc":{"start":{"line":245,"column":4},"end":{"line":245,"column":27}},"type":"if","locations":[{"start":{"line":245,"column":4},"end":{"line":245,"column":27}}]},"26":{"loc":{"start":{"line":255,"column":4},"end":{"line":255,"column":31}},"type":"if","locations":[{"start":{"line":255,"column":4},"end":{"line":255,"column":31}}]},"27":{"loc":{"start":{"line":260,"column":4},"end":{"line":264,"column":5}},"type":"if","locations":[{"start":{"line":260,"column":4},"end":{"line":264,"column":5}}]},"28":{"loc":{"start":{"line":266,"column":4},"end":{"line":271,"column":5}},"type":"if","locations":[{"start":{"line":266,"column":4},"end":{"line":271,"column":5}}]},"29":{"loc":{"start":{"line":281,"column":12},"end":{"line":281,"column":30}},"type":"binary-expr","locations":[{"start":{"line":281,"column":12},"end":{"line":281,"column":24}},{"start":{"line":281,"column":28},"end":{"line":281,"column":30}}]},"30":{"loc":{"start":{"line":285,"column":4},"end":{"line":288,"column":5}},"type":"if","locations":[{"start":{"line":285,"column":4},"end":{"line":288,"column":5}}]},"31":{"loc":{"start":{"line":303,"column":2},"end":{"line":315,"column":3}},"type":"switch","locations":[{"start":{"line":304,"column":4},"end":{"line":305,"column":21}},{"start":{"line":306,"column":4},"end":{"line":307,"column":21}},{"start":{"line":308,"column":4},"end":{"line":309,"column":27}},{"start":{"line":310,"column":4},"end":{"line":314,"column":23}}]}},"s":{"0":1,"1":1,"2":1,"3":1,"4":0,"5":0,"6":0,"7":0,"8":0,"9":0,"10":0,"11":0,"12":0,"13":0,"14":0,"15":0,"16":0,"17":0,"18":0,"19":0,"20":0,"21":0,"22":0,"23":0,"24":0,"25":0,"26":0,"27":0,"28":0,"29":0,"30":0,"31":0,"32":0,"33":0,"34":0,"35":0,"36":0,"37":0,"38":0,"39":0,"40":0,"41":0,"42":0,"43":0,"44":0,"45":0,"46":0,"47":0,"48":0,"49":0,"50":0,"51":0,"52":0,"53":0,"54":0,"55":0,"56":0,"57":0,"58":0,"59":0,"60":0,"61":0,"62":0,"63":0,"64":0,"65":0,"66":0,"67":0,"68":0,"69":0,"70":0,"71":0,"72":0,"73":0,"74":0,"75":0,"76":0,"77":0,"78":0,"79":0,"80":0,"81":0,"82":0,"83":0,"84":0,"85":0,"86":0,"87":0},"f":{"0":0,"1":0,"2":0,"3":0,"4":0,"5":0,"6":0,"7":0,"8":0,"9":0,"10":0,"11":0,"12":0,"13":0,"14":0,"15":0,"16":0},"b":{"0":[0],"1":[0,0],"2":[0,0],"3":[0,0],"4":[0,0],"5":[0,0],"6":[0],"7":[0,0],"8":[0,0],"9":[0,0],"10":[0,0],"11":[0,0],"12":[0,0],"13":[0,0],"14":[0],"15":[0,0,0],"16":[0],"17":[0,0],"18":[0,0],"19":[0],"20":[0,0],"21":[0],"22":[0,0],"23":[0,0],"24":[0,0],"25":[0],"26":[0],"27":[0],"28":[0],"29":[0,0],"30":[0],"31":[0,0,0,0]}}
,"/Users/willysair/Documents/Yno/LiberoVino/yno-libero-vino/app/lib/communication/mailchimp.constants.ts": {"path":"/Users/willysair/Documents/Yno/LiberoVino/yno-libero-vino/app/lib/communication/mailchimp.constants.ts","statementMap":{"0":{"start":{"line":1,"column":0},"end":{"line":1,"column":null}},"1":{"start":{"line":13,"column":13},"end":{"line":17,"column":2}},"2":{"start":{"line":19,"column":13},"end":{"line":19,"column":58}},"3":{"start":{"line":20,"column":13},"end":{"line":20,"column":50}},"4":{"start":{"line":22,"column":13},"end":{"line":32,"column":2}},"5":{"start":{"line":40,"column":13},"end":{"line":50,"column":2}},"6":{"start":{"line":56,"column":13},"end":{"line":66,"column":2}},"7":{"start":{"line":57,"column":30},"end":{"line":65,"column":4}}},"fnMap":{"0":{"name":"(anonymous_0)","decl":{"start":{"line":57,"column":2},"end":{"line":57,"column":3}},"loc":{"start":{"line":57,"column":30},"end":{"line":65,"column":4}}}},"branchMap":{},"s":{"0":1,"1":1,"2":1,"3":1,"4":1,"5":1,"6":1,"7":9},"f":{"0":9},"b":{}}
,"/Users/willysair/Documents/Yno/LiberoVino/yno-libero-vino/app/lib/communication/template-variables.ts": {"path":"/Users/willysair/Documents/Yno/LiberoVino/yno-libero-vino/app/lib/communication/template-variables.ts","statementMap":{"0":{"start":{"line":226,"column":0},"end":{"line":226,"column":16}},"1":{"start":{"line":233,"column":0},"end":{"line":233,"column":16}},"2":{"start":{"line":240,"column":0},"end":{"line":240,"column":16}},"3":{"start":{"line":27,"column":54},"end":{"line":89,"column":2}},"4":{"start":{"line":91,"column":58},"end":{"line":127,"column":2}},"5":{"start":{"line":129,"column":50},"end":{"line":153,"column":2}},"6":{"start":{"line":155,"column":47},"end":{"line":183,"column":2}},"7":{"start":{"line":185,"column":51},"end":{"line":213,"column":2}},"8":{"start":{"line":215,"column":13},"end":{"line":221,"column":2}},"9":{"start":{"line":227,"column":2},"end":{"line":227,"column":56}},"10":{"start":{"line":234,"column":2},"end":{"line":234,"column":57}},"11":{"start":{"line":241,"column":2},"end":{"line":251,"column":3}},"12":{"start":{"line":243,"column":6},"end":{"line":243,"column":22}},"13":{"start":{"line":245,"column":6},"end":{"line":245,"column":34}},"14":{"start":{"line":248,"column":6},"end":{"line":248,"column":77}},"15":{"start":{"line":250,"column":6},"end":{"line":250,"column":22}}},"fnMap":{"0":{"name":"getTemplateVariables","decl":{"start":{"line":226,"column":16},"end":{"line":226,"column":36}},"loc":{"start":{"line":226,"column":63},"end":{"line":228,"column":1}}},"1":{"name":"getTemplateSampleData","decl":{"start":{"line":233,"column":16},"end":{"line":233,"column":37}},"loc":{"start":{"line":233,"column":64},"end":{"line":235,"column":1}}},"2":{"name":"convertVariableSyntax","decl":{"start":{"line":240,"column":16},"end":{"line":240,"column":37}},"loc":{"start":{"line":240,"column":102},"end":{"line":252,"column":1}}}},"branchMap":{"0":{"loc":{"start":{"line":241,"column":2},"end":{"line":251,"column":3}},"type":"switch","locations":[{"start":{"line":242,"column":4},"end":{"line":243,"column":22}},{"start":{"line":244,"column":4},"end":{"line":245,"column":34}},{"start":{"line":246,"column":4},"end":{"line":248,"column":77}},{"start":{"line":249,"column":4},"end":{"line":250,"column":22}}]}},"s":{"0":1,"1":1,"2":1,"3":1,"4":1,"5":1,"6":1,"7":1,"8":1,"9":0,"10":0,"11":0,"12":0,"13":0,"14":0,"15":0},"f":{"0":0,"1":0,"2":0},"b":{"0":[0,0,0,0]}}
,"/Users/willysair/Documents/Yno/LiberoVino/yno-libero-vino/app/lib/communication/templates.server.ts": {"path":"/Users/willysair/Documents/Yno/LiberoVino/yno-libero-vino/app/lib/communication/templates.server.ts","statementMap":{"0":{"start":{"line":19,"column":0},"end":{"line":19,"column":16}},"1":{"start":{"line":34,"column":0},"end":{"line":34,"column":16}},"2":{"start":{"line":84,"column":0},"end":{"line":84,"column":7}},"3":{"start":{"line":253,"column":0},"end":{"line":253,"column":16}},"4":{"start":{"line":269,"column":0},"end":{"line":269,"column":16}},"5":{"start":{"line":277,"column":0},"end":{"line":277,"column":16}},"6":{"start":{"line":284,"column":0},"end":{"line":284,"column":7}},"7":{"start":{"line":552,"column":0},"end":{"line":552,"column":16}},"8":{"start":{"line":566,"column":0},"end":{"line":566,"column":16}},"9":{"start":{"line":6,"column":0},"end":{"line":6,"column":34}},"10":{"start":{"line":7,"column":0},"end":{"line":7,"column":28}},"11":{"start":{"line":9,"column":0},"end":{"line":9,"column":102}},"12":{"start":{"line":10,"column":0},"end":{"line":10,"column":62}},"13":{"start":{"line":11,"column":0},"end":{"line":11,"column":132}},"14":{"start":{"line":13,"column":28},"end":{"line":13,"column":88}},"15":{"start":{"line":20,"column":27},"end":{"line":20,"column":49}},"16":{"start":{"line":21,"column":23},"end":{"line":21,"column":66}},"17":{"start":{"line":23,"column":2},"end":{"line":27,"column":3}},"18":{"start":{"line":24,"column":4},"end":{"line":24,"column":47}},"19":{"start":{"line":26,"column":4},"end":{"line":26,"column":124}},"20":{"start":{"line":38,"column":17},"end":{"line":38,"column":25}},"21":{"start":{"line":41,"column":2},"end":{"line":45,"column":3}},"22":{"start":{"line":42,"column":24},"end":{"line":42,"column":61}},"23":{"start":{"line":43,"column":24},"end":{"line":43,"column":58}},"24":{"start":{"line":44,"column":4},"end":{"line":44,"column":58}},"25":{"start":{"line":47,"column":2},"end":{"line":47,"column":18}},"26":{"start":{"line":58,"column":2},"end":{"line":58,"column":29}},"27":{"start":{"line":58,"column":17},"end":{"line":58,"column":29}},"28":{"start":{"line":61,"column":2},"end":{"line":79,"column":3}},"29":{"start":{"line":63,"column":18},"end":{"line":63,"column":41}},"30":{"start":{"line":64,"column":4},"end":{"line":71,"column":5}},"31":{"start":{"line":65,"column":6},"end":{"line":70,"column":7}},"32":{"start":{"line":66,"column":20},"end":{"line":66,"column":39}},"33":{"start":{"line":67,"column":8},"end":{"line":67,"column":49}},"34":{"start":{"line":74,"column":21},"end":{"line":76,"column":73}},"35":{"start":{"line":78,"column":4},"end":{"line":78,"column":20}},"36":{"start":{"line":81,"column":2},"end":{"line":81,"column":18}},"37":{"start":{"line":94,"column":19},"end":{"line":96,"column":54}},"38":{"start":{"line":99,"column":26},"end":{"line":99,"column":63}},"39":{"start":{"line":100,"column":32},"end":{"line":100,"column":94}},"40":{"start":{"line":101,"column":26},"end":{"line":101,"column":73}},"41":{"start":{"line":102,"column":30},"end":{"line":102,"column":95}},"42":{"start":{"line":103,"column":28},"end":{"line":103,"column":143}},"43":{"start":{"line":104,"column":31},"end":{"line":104,"column":130}},"44":{"start":{"line":107,"column":27},"end":{"line":107,"column":83}},"45":{"start":{"line":108,"column":27},"end":{"line":108,"column":83}},"46":{"start":{"line":111,"column":20},"end":{"line":111,"column":22}},"47":{"start":{"line":112,"column":2},"end":{"line":124,"column":3}},"48":{"start":{"line":113,"column":4},"end":{"line":118,"column":5}},"49":{"start":{"line":114,"column":6},"end":{"line":114,"column":234}},"50":{"start":{"line":117,"column":6},"end":{"line":117,"column":337}},"51":{"start":{"line":121,"column":4},"end":{"line":123,"column":11}},"52":{"start":{"line":127,"column":25},"end":{"line":127,"column":27}},"53":{"start":{"line":128,"column":2},"end":{"line":135,"column":3}},"54":{"start":{"line":130,"column":25},"end":{"line":130,"column":57}},"55":{"start":{"line":131,"column":32},"end":{"line":131,"column":91}},"56":{"start":{"line":132,"column":4},"end":{"line":132,"column":223}},"57":{"start":{"line":133,"column":9},"end":{"line":135,"column":3}},"58":{"start":{"line":134,"column":4},"end":{"line":134,"column":212}},"59":{"start":{"line":138,"column":29},"end":{"line":140,"column":8}},"60":{"start":{"line":143,"column":29},"end":{"line":143,"column":31}},"61":{"start":{"line":144,"column":26},"end":{"line":144,"column":28}},"62":{"start":{"line":145,"column":25},"end":{"line":145,"column":27}},"63":{"start":{"line":146,"column":31},"end":{"line":146,"column":33}},"64":{"start":{"line":147,"column":26},"end":{"line":147,"column":28}},"65":{"start":{"line":148,"column":28},"end":{"line":148,"column":30}},"66":{"start":{"line":150,"column":2},"end":{"line":216,"column":3}},"67":{"start":{"line":152,"column":23},"end":{"line":152,"column":119}},"68":{"start":{"line":153,"column":22},"end":{"line":153,"column":115}},"69":{"start":{"line":154,"column":4},"end":{"line":162,"column":6}},"70":{"start":{"line":166,"column":21},"end":{"line":166,"column":26}},"71":{"start":{"line":167,"column":28},"end":{"line":167,"column":117}},"72":{"start":{"line":168,"column":32},"end":{"line":168,"column":76}},"73":{"start":{"line":170,"column":4},"end":{"line":190,"column":5}},"74":{"start":{"line":172,"column":6},"end":{"line":176,"column":8}},"75":{"start":{"line":179,"column":6},"end":{"line":179,"column":87}},"76":{"start":{"line":182,"column":6},"end":{"line":182,"column":116}},"77":{"start":{"line":183,"column":6},"end":{"line":189,"column":7}},"78":{"start":{"line":184,"column":8},"end":{"line":188,"column":10}},"79":{"start":{"line":193,"column":4},"end":{"line":203,"column":5}},"80":{"start":{"line":194,"column":6},"end":{"line":202,"column":7}},"81":{"start":{"line":195,"column":25},"end":{"line":197,"column":40}},"82":{"start":{"line":198,"column":35},"end":{"line":198,"column":55}},"83":{"start":{"line":199,"column":8},"end":{"line":199,"column":91}},"84":{"start":{"line":206,"column":4},"end":{"line":215,"column":6}},"85":{"start":{"line":219,"column":2},"end":{"line":225,"column":3}},"86":{"start":{"line":220,"column":4},"end":{"line":224,"column":12}},"87":{"start":{"line":228,"column":28},"end":{"line":230,"column":41}},"88":{"start":{"line":233,"column":23},"end":{"line":245,"column":4}},"89":{"start":{"line":247,"column":2},"end":{"line":247,"column":57}},"90":{"start":{"line":256,"column":2},"end":{"line":262,"column":5}},"91":{"start":{"line":258,"column":4},"end":{"line":260,"column":5}},"92":{"start":{"line":259,"column":6},"end":{"line":259,"column":19}},"93":{"start":{"line":261,"column":4},"end":{"line":261,"column":36}},"94":{"start":{"line":271,"column":2},"end":{"line":271,"column":32}},"95":{"start":{"line":278,"column":2},"end":{"line":278,"column":39}},"96":{"start":{"line":288,"column":17},"end":{"line":288,"column":47}},"97":{"start":{"line":291,"column":20},"end":{"line":291,"column":52}},"98":{"start":{"line":292,"column":20},"end":{"line":292,"column":52}},"99":{"start":{"line":293,"column":21},"end":{"line":293,"column":34}},"100":{"start":{"line":296,"column":27},"end":{"line":296,"column":188}},"101":{"start":{"line":297,"column":27},"end":{"line":297,"column":185}},"102":{"start":{"line":300,"column":2},"end":{"line":300,"column":74}},"103":{"start":{"line":301,"column":2},"end":{"line":301,"column":74}},"104":{"start":{"line":302,"column":2},"end":{"line":302,"column":62}},"105":{"start":{"line":305,"column":2},"end":{"line":309,"column":3}},"106":{"start":{"line":306,"column":4},"end":{"line":306,"column":51}},"107":{"start":{"line":307,"column":9},"end":{"line":309,"column":3}},"108":{"start":{"line":308,"column":4},"end":{"line":308,"column":53}},"109":{"start":{"line":311,"column":2},"end":{"line":311,"column":18}},"110":{"start":{"line":318,"column":38},"end":{"line":324,"column":4}},"111":{"start":{"line":325,"column":2},"end":{"line":325,"column":49}},"112":{"start":{"line":325,"column":41},"end":{"line":325,"column":47}},"113":{"start":{"line":341,"column":25},"end":{"line":341,"column":47}},"114":{"start":{"line":342,"column":25},"end":{"line":342,"column":56}},"115":{"start":{"line":345,"column":2},"end":{"line":349,"column":3}},"116":{"start":{"line":346,"column":24},"end":{"line":346,"column":47}},"117":{"start":{"line":347,"column":4},"end":{"line":348,"column":167}},"118":{"start":{"line":351,"column":2},"end":{"line":360,"column":3}},"119":{"start":{"line":352,"column":4},"end":{"line":354,"column":140}},"120":{"start":{"line":356,"column":23},"end":{"line":356,"column":97}},"121":{"start":{"line":357,"column":27},"end":{"line":357,"column":79}},"122":{"start":{"line":358,"column":4},"end":{"line":359,"column":130}},"123":{"start":{"line":372,"column":2},"end":{"line":383,"column":10}},"124":{"start":{"line":394,"column":25},"end":{"line":394,"column":56}},"125":{"start":{"line":396,"column":2},"end":{"line":405,"column":10}},"126":{"start":{"line":417,"column":25},"end":{"line":417,"column":54}},"127":{"start":{"line":419,"column":2},"end":{"line":423,"column":10}},"128":{"start":{"line":437,"column":23},"end":{"line":437,"column":50}},"129":{"start":{"line":438,"column":25},"end":{"line":438,"column":54}},"130":{"start":{"line":440,"column":2},"end":{"line":453,"column":10}},"131":{"start":{"line":464,"column":2},"end":{"line":466,"column":3}},"132":{"start":{"line":465,"column":4},"end":{"line":465,"column":14}},"133":{"start":{"line":468,"column":23},"end":{"line":508,"column":13}},"134":{"start":{"line":469,"column":24},"end":{"line":469,"column":49}},"135":{"start":{"line":470,"column":26},"end":{"line":470,"column":39}},"136":{"start":{"line":471,"column":28},"end":{"line":473,"column":21}},"137":{"start":{"line":476,"column":20},"end":{"line":476,"column":22}},"138":{"start":{"line":477,"column":4},"end":{"line":485,"column":5}},"139":{"start":{"line":478,"column":6},"end":{"line":482,"column":14}},"140":{"start":{"line":484,"column":6},"end":{"line":484,"column":127}},"141":{"start":{"line":488,"column":28},"end":{"line":490,"column":10}},"142":{"start":{"line":492,"column":4},"end":{"line":507,"column":12}},"143":{"start":{"line":510,"column":2},"end":{"line":513,"column":10}},"144":{"start":{"line":530,"column":23},"end":{"line":530,"column":77}},"145":{"start":{"line":533,"column":2},"end":{"line":535,"column":3}},"146":{"start":{"line":534,"column":4},"end":{"line":534,"column":303}},"147":{"start":{"line":537,"column":2},"end":{"line":545,"column":3}},"148":{"start":{"line":538,"column":4},"end":{"line":538,"column":161}},"149":{"start":{"line":539,"column":9},"end":{"line":545,"column":3}},"150":{"start":{"line":540,"column":4},"end":{"line":540,"column":157}},"151":{"start":{"line":542,"column":23},"end":{"line":542,"column":97}},"152":{"start":{"line":543,"column":25},"end":{"line":543,"column":97}},"153":{"start":{"line":544,"column":4},"end":{"line":544,"column":201}},"154":{"start":{"line":553,"column":2},"end":{"line":555,"column":3}},"155":{"start":{"line":554,"column":4},"end":{"line":554,"column":14}},"156":{"start":{"line":557,"column":2},"end":{"line":560,"column":10}},"157":{"start":{"line":567,"column":2},"end":{"line":567,"column":45}}},"fnMap":{"0":{"name":"loadBaseTemplate","decl":{"start":{"line":19,"column":16},"end":{"line":19,"column":32}},"loc":{"start":{"line":19,"column":68},"end":{"line":28,"column":1}}},"1":{"name":"renderTemplate","decl":{"start":{"line":34,"column":16},"end":{"line":34,"column":30}},"loc":{"start":{"line":36,"column":63},"end":{"line":48,"column":1}}},"2":{"name":"convertImageUrlToProxy","decl":{"start":{"line":57,"column":9},"end":{"line":57,"column":31}},"loc":{"start":{"line":57,"column":108},"end":{"line":82,"column":1}}},"3":{"name":"renderSendGridTemplate","decl":{"start":{"line":84,"column":22},"end":{"line":84,"column":44}},"loc":{"start":{"line":91,"column":20},"end":{"line":248,"column":1}}},"4":{"name":"convertTemplateForKlaviyo","decl":{"start":{"line":253,"column":16},"end":{"line":253,"column":41}},"loc":{"start":{"line":253,"column":54},"end":{"line":263,"column":1}}},"5":{"name":"(anonymous_5)","decl":{"start":{"line":256,"column":44},"end":{"line":256,"column":45}},"loc":{"start":{"line":256,"column":64},"end":{"line":262,"column":3}}},"6":{"name":"convertTemplateForMailchimp","decl":{"start":{"line":269,"column":16},"end":{"line":269,"column":43}},"loc":{"start":{"line":269,"column":56},"end":{"line":272,"column":1}}},"7":{"name":"getTemplateVariables","decl":{"start":{"line":277,"column":16},"end":{"line":277,"column":36}},"loc":{"start":{"line":277,"column":63},"end":{"line":279,"column":1}}},"8":{"name":"downloadTemplateForProvider","decl":{"start":{"line":284,"column":22},"end":{"line":284,"column":49}},"loc":{"start":{"line":286,"column":35},"end":{"line":312,"column":1}}},"9":{"name":"escapeHtml","decl":{"start":{"line":317,"column":9},"end":{"line":317,"column":19}},"loc":{"start":{"line":317,"column":32},"end":{"line":326,"column":1}}},"10":{"name":"(anonymous_10)","decl":{"start":{"line":325,"column":34},"end":{"line":325,"column":35}},"loc":{"start":{"line":325,"column":41},"end":{"line":325,"column":47}}},"11":{"name":"buildExtensionStatusBlock","decl":{"start":{"line":332,"column":9},"end":{"line":332,"column":34}},"loc":{"start":{"line":339,"column":22},"end":{"line":361,"column":1}}},"12":{"name":"buildRejoinOfferBlock","decl":{"start":{"line":367,"column":9},"end":{"line":367,"column":30}},"loc":{"start":{"line":370,"column":24},"end":{"line":384,"column":1}}},"13":{"name":"buildCurrentOfferBlock","decl":{"start":{"line":390,"column":9},"end":{"line":390,"column":31}},"loc":{"start":{"line":392,"column":29},"end":{"line":406,"column":1}}},"14":{"name":"buildUpgradeInfoBlock","decl":{"start":{"line":412,"column":9},"end":{"line":412,"column":30}},"loc":{"start":{"line":415,"column":27},"end":{"line":424,"column":1}}},"15":{"name":"buildUpgradeOfferBlock","decl":{"start":{"line":431,"column":9},"end":{"line":431,"column":31}},"loc":{"start":{"line":435,"column":27},"end":{"line":454,"column":1}}},"16":{"name":"buildMarketingProductsBlock","decl":{"start":{"line":460,"column":9},"end":{"line":460,"column":36}},"loc":{"start":{"line":462,"column":32},"end":{"line":514,"column":1}}},"17":{"name":"(anonymous_17)","decl":{"start":{"line":468,"column":36},"end":{"line":468,"column":43}},"loc":{"start":{"line":468,"column":46},"end":{"line":508,"column":3}}},"18":{"name":"buildStatusBodyMessage","decl":{"start":{"line":520,"column":9},"end":{"line":520,"column":31}},"loc":{"start":{"line":528,"column":23},"end":{"line":546,"column":1}}},"19":{"name":"buildUpgradeMessage","decl":{"start":{"line":552,"column":16},"end":{"line":552,"column":35}},"loc":{"start":{"line":552,"column":96},"end":{"line":561,"column":1}}},"20":{"name":"getSampleDataForPreview","decl":{"start":{"line":566,"column":16},"end":{"line":566,"column":39}},"loc":{"start":{"line":566,"column":66},"end":{"line":568,"column":1}}}},"branchMap":{"0":{"loc":{"start":{"line":26,"column":64},"end":{"line":26,"column":120}},"type":"cond-expr","locations":[{"start":{"line":26,"column":89},"end":{"line":26,"column":102}},{"start":{"line":26,"column":105},"end":{"line":26,"column":120}}]},"1":{"loc":{"start":{"line":43,"column":24},"end":{"line":43,"column":58}},"type":"cond-expr","locations":[{"start":{"line":43,"column":40},"end":{"line":43,"column":53}},{"start":{"line":43,"column":56},"end":{"line":43,"column":58}}]},"2":{"loc":{"start":{"line":58,"column":2},"end":{"line":58,"column":29}},"type":"if","locations":[{"start":{"line":58,"column":2},"end":{"line":58,"column":29}}]},"3":{"loc":{"start":{"line":61,"column":2},"end":{"line":79,"column":3}},"type":"if","locations":[{"start":{"line":61,"column":2},"end":{"line":79,"column":3}}]},"4":{"loc":{"start":{"line":61,"column":6},"end":{"line":61,"column":70}},"type":"binary-expr","locations":[{"start":{"line":61,"column":6},"end":{"line":61,"column":36}},{"start":{"line":61,"column":40},"end":{"line":61,"column":70}}]},"5":{"loc":{"start":{"line":64,"column":4},"end":{"line":71,"column":5}},"type":"if","locations":[{"start":{"line":64,"column":4},"end":{"line":71,"column":5}}]},"6":{"loc":{"start":{"line":74,"column":21},"end":{"line":76,"column":73}},"type":"cond-expr","locations":[{"start":{"line":75,"column":8},"end":{"line":75,"column":94}},{"start":{"line":76,"column":8},"end":{"line":76,"column":73}}]},"7":{"loc":{"start":{"line":94,"column":19},"end":{"line":96,"column":54}},"type":"cond-expr","locations":[{"start":{"line":95,"column":6},"end":{"line":95,"column":20}},{"start":{"line":96,"column":6},"end":{"line":96,"column":54}}]},"8":{"loc":{"start":{"line":94,"column":19},"end":{"line":94,"column":99}},"type":"binary-expr","locations":[{"start":{"line":94,"column":19},"end":{"line":94,"column":53}},{"start":{"line":94,"column":57},"end":{"line":94,"column":99}}]},"9":{"loc":{"start":{"line":100,"column":32},"end":{"line":100,"column":94}},"type":"binary-expr","locations":[{"start":{"line":100,"column":32},"end":{"line":100,"column":47}},{"start":{"line":100,"column":51},"end":{"line":100,"column":94}}]},"10":{"loc":{"start":{"line":102,"column":30},"end":{"line":102,"column":95}},"type":"binary-expr","locations":[{"start":{"line":102,"column":30},"end":{"line":102,"column":76}},{"start":{"line":102,"column":80},"end":{"line":102,"column":95}}]},"11":{"loc":{"start":{"line":103,"column":28},"end":{"line":103,"column":143}},"type":"binary-expr","locations":[{"start":{"line":103,"column":28},"end":{"line":103,"column":43}},{"start":{"line":103,"column":47},"end":{"line":103,"column":100}},{"start":{"line":103,"column":104},"end":{"line":103,"column":143}}]},"12":{"loc":{"start":{"line":104,"column":31},"end":{"line":104,"column":130}},"type":"binary-expr","locations":[{"start":{"line":104,"column":31},"end":{"line":104,"column":46}},{"start":{"line":104,"column":50},"end":{"line":104,"column":88}},{"start":{"line":104,"column":92},"end":{"line":104,"column":130}}]},"13":{"loc":{"start":{"line":112,"column":2},"end":{"line":124,"column":3}},"type":"if","locations":[{"start":{"line":112,"column":2},"end":{"line":124,"column":3}},{"start":{"line":119,"column":9},"end":{"line":124,"column":3}}]},"14":{"loc":{"start":{"line":113,"column":4},"end":{"line":118,"column":5}},"type":"if","locations":[{"start":{"line":113,"column":4},"end":{"line":118,"column":5}},{"start":{"line":115,"column":11},"end":{"line":118,"column":5}}]},"15":{"loc":{"start":{"line":114,"column":119},"end":{"line":114,"column":152}},"type":"binary-expr","locations":[{"start":{"line":114,"column":119},"end":{"line":114,"column":140}},{"start":{"line":114,"column":144},"end":{"line":114,"column":152}}]},"16":{"loc":{"start":{"line":117,"column":290},"end":{"line":117,"column":323}},"type":"binary-expr","locations":[{"start":{"line":117,"column":290},"end":{"line":117,"column":311}},{"start":{"line":117,"column":315},"end":{"line":117,"column":323}}]},"17":{"loc":{"start":{"line":121,"column":18},"end":{"line":123,"column":10}},"type":"cond-expr","locations":[{"start":{"line":122,"column":8},"end":{"line":122,"column":199}},{"start":{"line":123,"column":8},"end":{"line":123,"column":10}}]},"18":{"loc":{"start":{"line":122,"column":114},"end":{"line":122,"column":147}},"type":"binary-expr","locations":[{"start":{"line":122,"column":114},"end":{"line":122,"column":135}},{"start":{"line":122,"column":139},"end":{"line":122,"column":147}}]},"19":{"loc":{"start":{"line":128,"column":2},"end":{"line":135,"column":3}},"type":"if","locations":[{"start":{"line":128,"column":2},"end":{"line":135,"column":3}},{"start":{"line":133,"column":9},"end":{"line":135,"column":3}}]},"20":{"loc":{"start":{"line":128,"column":6},"end":{"line":128,"column":114}},"type":"binary-expr","locations":[{"start":{"line":128,"column":6},"end":{"line":128,"column":27}},{"start":{"line":128,"column":31},"end":{"line":128,"column":46}},{"start":{"line":128,"column":50},"end":{"line":128,"column":69}},{"start":{"line":128,"column":73},"end":{"line":128,"column":90}},{"start":{"line":128,"column":94},"end":{"line":128,"column":114}}]},"21":{"loc":{"start":{"line":133,"column":9},"end":{"line":135,"column":3}},"type":"if","locations":[{"start":{"line":133,"column":9},"end":{"line":135,"column":3}}]},"22":{"loc":{"start":{"line":134,"column":126},"end":{"line":134,"column":159}},"type":"binary-expr","locations":[{"start":{"line":134,"column":126},"end":{"line":134,"column":147}},{"start":{"line":134,"column":151},"end":{"line":134,"column":159}}]},"23":{"loc":{"start":{"line":138,"column":29},"end":{"line":140,"column":8}},"type":"cond-expr","locations":[{"start":{"line":139,"column":6},"end":{"line":139,"column":242}},{"start":{"line":140,"column":6},"end":{"line":140,"column":8}}]},"24":{"loc":{"start":{"line":150,"column":2},"end":{"line":216,"column":3}},"type":"if","locations":[{"start":{"line":150,"column":2},"end":{"line":216,"column":3}}]},"25":{"loc":{"start":{"line":152,"column":23},"end":{"line":152,"column":119}},"type":"binary-expr","locations":[{"start":{"line":152,"column":23},"end":{"line":152,"column":55}},{"start":{"line":152,"column":59},"end":{"line":152,"column":86}},{"start":{"line":152,"column":90},"end":{"line":152,"column":119}}]},"26":{"loc":{"start":{"line":153,"column":22},"end":{"line":153,"column":115}},"type":"binary-expr","locations":[{"start":{"line":153,"column":22},"end":{"line":153,"column":53}},{"start":{"line":153,"column":57},"end":{"line":153,"column":83}},{"start":{"line":153,"column":87},"end":{"line":153,"column":115}}]},"27":{"loc":{"start":{"line":156,"column":13},"end":{"line":156,"column":46}},"type":"binary-expr","locations":[{"start":{"line":156,"column":13},"end":{"line":156,"column":34}},{"start":{"line":156,"column":38},"end":{"line":156,"column":46}}]},"28":{"loc":{"start":{"line":157,"column":13},"end":{"line":157,"column":49}},"type":"binary-expr","locations":[{"start":{"line":157,"column":13},"end":{"line":157,"column":43}},{"start":{"line":157,"column":47},"end":{"line":157,"column":49}}]},"29":{"loc":{"start":{"line":158,"column":6},"end":{"line":158,"column":95}},"type":"cond-expr","locations":[{"start":{"line":158,"column":42},"end":{"line":158,"column":83}},{"start":{"line":158,"column":86},"end":{"line":158,"column":95}}]},"30":{"loc":{"start":{"line":159,"column":6},"end":{"line":159,"column":85}},"type":"cond-expr","locations":[{"start":{"line":159,"column":37},"end":{"line":159,"column":73}},{"start":{"line":159,"column":76},"end":{"line":159,"column":85}}]},"31":{"loc":{"start":{"line":161,"column":6},"end":{"line":161,"column":73}},"type":"cond-expr","locations":[{"start":{"line":161,"column":31},"end":{"line":161,"column":61}},{"start":{"line":161,"column":64},"end":{"line":161,"column":73}}]},"32":{"loc":{"start":{"line":167,"column":28},"end":{"line":167,"column":117}},"type":"cond-expr","locations":[{"start":{"line":167,"column":68},"end":{"line":167,"column":113}},{"start":{"line":167,"column":116},"end":{"line":167,"column":117}}]},"33":{"loc":{"start":{"line":168,"column":39},"end":{"line":168,"column":75}},"type":"binary-expr","locations":[{"start":{"line":168,"column":39},"end":{"line":168,"column":69}},{"start":{"line":168,"column":73},"end":{"line":168,"column":75}}]},"34":{"loc":{"start":{"line":170,"column":4},"end":{"line":190,"column":5}},"type":"if","locations":[{"start":{"line":170,"column":4},"end":{"line":190,"column":5}},{"start":{"line":177,"column":11},"end":{"line":190,"column":5}}]},"35":{"loc":{"start":{"line":170,"column":8},"end":{"line":170,"column":106}},"type":"binary-expr","locations":[{"start":{"line":170,"column":8},"end":{"line":170,"column":17}},{"start":{"line":170,"column":21},"end":{"line":170,"column":44}},{"start":{"line":170,"column":48},"end":{"line":170,"column":77}},{"start":{"line":170,"column":81},"end":{"line":170,"column":106}}]},"36":{"loc":{"start":{"line":182,"column":19},"end":{"line":182,"column":115}},"type":"binary-expr","locations":[{"start":{"line":182,"column":19},"end":{"line":182,"column":51}},{"start":{"line":182,"column":55},"end":{"line":182,"column":82}},{"start":{"line":182,"column":86},"end":{"line":182,"column":115}}]},"37":{"loc":{"start":{"line":183,"column":6},"end":{"line":189,"column":7}},"type":"if","locations":[{"start":{"line":183,"column":6},"end":{"line":189,"column":7}}]},"38":{"loc":{"start":{"line":183,"column":10},"end":{"line":183,"column":128}},"type":"binary-expr","locations":[{"start":{"line":183,"column":10},"end":{"line":183,"column":20}},{"start":{"line":183,"column":24},"end":{"line":183,"column":55}},{"start":{"line":183,"column":59},"end":{"line":183,"column":96}},{"start":{"line":183,"column":100},"end":{"line":183,"column":128}}]},"39":{"loc":{"start":{"line":193,"column":4},"end":{"line":203,"column":5}},"type":"if","locations":[{"start":{"line":193,"column":4},"end":{"line":203,"column":5}}]},"40":{"loc":{"start":{"line":195,"column":25},"end":{"line":197,"column":40}},"type":"cond-expr","locations":[{"start":{"line":196,"column":12},"end":{"line":196,"column":52}},{"start":{"line":197,"column":12},"end":{"line":197,"column":40}}]},"41":{"loc":{"start":{"line":198,"column":35},"end":{"line":198,"column":55}},"type":"binary-expr","locations":[{"start":{"line":198,"column":35},"end":{"line":198,"column":50}},{"start":{"line":198,"column":54},"end":{"line":198,"column":55}}]},"42":{"loc":{"start":{"line":209,"column":6},"end":{"line":209,"column":69}},"type":"cond-expr","locations":[{"start":{"line":209,"column":33},"end":{"line":209,"column":65}},{"start":{"line":209,"column":68},"end":{"line":209,"column":69}}]},"43":{"loc":{"start":{"line":210,"column":6},"end":{"line":210,"column":95}},"type":"cond-expr","locations":[{"start":{"line":210,"column":46},"end":{"line":210,"column":91}},{"start":{"line":210,"column":94},"end":{"line":210,"column":95}}]},"44":{"loc":{"start":{"line":211,"column":6},"end":{"line":211,"column":95}},"type":"cond-expr","locations":[{"start":{"line":211,"column":42},"end":{"line":211,"column":83}},{"start":{"line":211,"column":86},"end":{"line":211,"column":95}}]},"45":{"loc":{"start":{"line":212,"column":6},"end":{"line":212,"column":85}},"type":"cond-expr","locations":[{"start":{"line":212,"column":37},"end":{"line":212,"column":73}},{"start":{"line":212,"column":76},"end":{"line":212,"column":85}}]},"46":{"loc":{"start":{"line":214,"column":6},"end":{"line":214,"column":75}},"type":"cond-expr","locations":[{"start":{"line":214,"column":32},"end":{"line":214,"column":63}},{"start":{"line":214,"column":66},"end":{"line":214,"column":75}}]},"47":{"loc":{"start":{"line":219,"column":2},"end":{"line":225,"column":3}},"type":"if","locations":[{"start":{"line":219,"column":2},"end":{"line":225,"column":3}}]},"48":{"loc":{"start":{"line":219,"column":6},"end":{"line":219,"column":122}},"type":"binary-expr","locations":[{"start":{"line":219,"column":6},"end":{"line":219,"column":25}},{"start":{"line":219,"column":29},"end":{"line":219,"column":53}},{"start":{"line":219,"column":57},"end":{"line":219,"column":94}},{"start":{"line":219,"column":98},"end":{"line":219,"column":122}}]},"49":{"loc":{"start":{"line":258,"column":4},"end":{"line":260,"column":5}},"type":"if","locations":[{"start":{"line":258,"column":4},"end":{"line":260,"column":5}}]},"50":{"loc":{"start":{"line":258,"column":8},"end":{"line":258,"column":68}},"type":"binary-expr","locations":[{"start":{"line":258,"column":8},"end":{"line":258,"column":35}},{"start":{"line":258,"column":39},"end":{"line":258,"column":68}}]},"51":{"loc":{"start":{"line":305,"column":2},"end":{"line":309,"column":3}},"type":"if","locations":[{"start":{"line":305,"column":2},"end":{"line":309,"column":3}},{"start":{"line":307,"column":9},"end":{"line":309,"column":3}}]},"52":{"loc":{"start":{"line":307,"column":9},"end":{"line":309,"column":3}},"type":"if","locations":[{"start":{"line":307,"column":9},"end":{"line":309,"column":3}}]},"53":{"loc":{"start":{"line":345,"column":2},"end":{"line":349,"column":3}},"type":"if","locations":[{"start":{"line":345,"column":2},"end":{"line":349,"column":3}}]},"54":{"loc":{"start":{"line":345,"column":6},"end":{"line":345,"column":30}},"type":"binary-expr","locations":[{"start":{"line":345,"column":6},"end":{"line":345,"column":15}},{"start":{"line":345,"column":19},"end":{"line":345,"column":30}}]},"55":{"loc":{"start":{"line":351,"column":2},"end":{"line":360,"column":3}},"type":"if","locations":[{"start":{"line":351,"column":2},"end":{"line":360,"column":3}},{"start":{"line":355,"column":9},"end":{"line":360,"column":3}}]},"56":{"loc":{"start":{"line":356,"column":23},"end":{"line":356,"column":97}},"type":"cond-expr","locations":[{"start":{"line":356,"column":47},"end":{"line":356,"column":74}},{"start":{"line":356,"column":77},"end":{"line":356,"column":97}}]},"57":{"loc":{"start":{"line":357,"column":38},"end":{"line":357,"column":78}},"type":"binary-expr","locations":[{"start":{"line":357,"column":38},"end":{"line":357,"column":55}},{"start":{"line":357,"column":59},"end":{"line":357,"column":78}}]},"58":{"loc":{"start":{"line":462,"column":2},"end":{"line":462,"column":32}},"type":"default-arg","locations":[{"start":{"line":462,"column":31},"end":{"line":462,"column":32}}]},"59":{"loc":{"start":{"line":464,"column":2},"end":{"line":466,"column":3}},"type":"if","locations":[{"start":{"line":464,"column":2},"end":{"line":466,"column":3}}]},"60":{"loc":{"start":{"line":464,"column":6},"end":{"line":464,"column":40}},"type":"binary-expr","locations":[{"start":{"line":464,"column":6},"end":{"line":464,"column":15}},{"start":{"line":464,"column":19},"end":{"line":464,"column":40}}]},"61":{"loc":{"start":{"line":469,"column":24},"end":{"line":469,"column":49}},"type":"binary-expr","locations":[{"start":{"line":469,"column":24},"end":{"line":469,"column":42}},{"start":{"line":469,"column":46},"end":{"line":469,"column":49}}]},"62":{"loc":{"start":{"line":471,"column":28},"end":{"line":473,"column":21}},"type":"cond-expr","locations":[{"start":{"line":472,"column":8},"end":{"line":472,"column":54}},{"start":{"line":473,"column":8},"end":{"line":473,"column":21}}]},"63":{"loc":{"start":{"line":477,"column":4},"end":{"line":485,"column":5}},"type":"if","locations":[{"start":{"line":477,"column":4},"end":{"line":485,"column":5}},{"start":{"line":483,"column":11},"end":{"line":485,"column":5}}]},"64":{"loc":{"start":{"line":477,"column":8},"end":{"line":477,"column":51}},"type":"binary-expr","locations":[{"start":{"line":477,"column":8},"end":{"line":477,"column":30}},{"start":{"line":477,"column":34},"end":{"line":477,"column":51}}]},"65":{"loc":{"start":{"line":488,"column":28},"end":{"line":490,"column":10}},"type":"cond-expr","locations":[{"start":{"line":489,"column":8},"end":{"line":489,"column":129}},{"start":{"line":490,"column":8},"end":{"line":490,"column":10}}]},"66":{"loc":{"start":{"line":530,"column":23},"end":{"line":530,"column":77}},"type":"cond-expr","locations":[{"start":{"line":530,"column":43},"end":{"line":530,"column":72}},{"start":{"line":530,"column":75},"end":{"line":530,"column":77}}]},"67":{"loc":{"start":{"line":533,"column":2},"end":{"line":535,"column":3}},"type":"if","locations":[{"start":{"line":533,"column":2},"end":{"line":535,"column":3}}]},"68":{"loc":{"start":{"line":533,"column":6},"end":{"line":533,"column":31}},"type":"binary-expr","locations":[{"start":{"line":533,"column":6},"end":{"line":533,"column":15}},{"start":{"line":533,"column":19},"end":{"line":533,"column":31}}]},"69":{"loc":{"start":{"line":537,"column":2},"end":{"line":545,"column":3}},"type":"if","locations":[{"start":{"line":537,"column":2},"end":{"line":545,"column":3}},{"start":{"line":539,"column":9},"end":{"line":545,"column":3}}]},"70":{"loc":{"start":{"line":537,"column":6},"end":{"line":537,"column":30}},"type":"binary-expr","locations":[{"start":{"line":537,"column":6},"end":{"line":537,"column":16}},{"start":{"line":537,"column":20},"end":{"line":537,"column":30}}]},"71":{"loc":{"start":{"line":539,"column":9},"end":{"line":545,"column":3}},"type":"if","locations":[{"start":{"line":539,"column":9},"end":{"line":545,"column":3}},{"start":{"line":541,"column":9},"end":{"line":545,"column":3}}]},"72":{"loc":{"start":{"line":539,"column":13},"end":{"line":539,"column":38}},"type":"binary-expr","locations":[{"start":{"line":539,"column":13},"end":{"line":539,"column":23}},{"start":{"line":539,"column":27},"end":{"line":539,"column":38}}]},"73":{"loc":{"start":{"line":542,"column":23},"end":{"line":542,"column":97}},"type":"cond-expr","locations":[{"start":{"line":542,"column":47},"end":{"line":542,"column":74}},{"start":{"line":542,"column":77},"end":{"line":542,"column":97}}]},"74":{"loc":{"start":{"line":543,"column":25},"end":{"line":543,"column":97}},"type":"cond-expr","locations":[{"start":{"line":543,"column":45},"end":{"line":543,"column":65}},{"start":{"line":543,"column":68},"end":{"line":543,"column":97}}]},"75":{"loc":{"start":{"line":553,"column":2},"end":{"line":555,"column":3}},"type":"if","locations":[{"start":{"line":553,"column":2},"end":{"line":555,"column":3}}]}},"s":{"0":1,"1":1,"2":1,"3":1,"4":1,"5":1,"6":1,"7":1,"8":1,"9":1,"10":1,"11":1,"12":1,"13":1,"14":1,"15":15,"16":15,"17":15,"18":15,"19":0,"20":0,"21":0,"22":0,"23":0,"24":0,"25":0,"26":0,"27":0,"28":0,"29":0,"30":0,"31":0,"32":0,"33":0,"34":0,"35":0,"36":0,"37":0,"38":0,"39":0,"40":0,"41":0,"42":0,"43":0,"44":0,"45":0,"46":0,"47":0,"48":0,"49":0,"50":0,"51":0,"52":0,"53":0,"54":0,"55":0,"56":0,"57":0,"58":0,"59":0,"60":0,"61":0,"62":0,"63":0,"64":0,"65":0,"66":0,"67":0,"68":0,"69":0,"70":0,"71":0,"72":0,"73":0,"74":0,"75":0,"76":0,"77":0,"78":0,"79":0,"80":0,"81":0,"82":0,"83":0,"84":0,"85":0,"86":0,"87":0,"88":0,"89":0,"90":15,"91":127,"92":26,"93":101,"94":0,"95":0,"96":0,"97":0,"98":0,"99":0,"100":0,"101":0,"102":0,"103":0,"104":0,"105":0,"106":0,"107":0,"108":0,"109":0,"110":0,"111":0,"112":0,"113":0,"114":0,"115":0,"116":0,"117":0,"118":0,"119":0,"120":0,"121":0,"122":0,"123":0,"124":0,"125":0,"126":0,"127":0,"128":0,"129":0,"130":0,"131":0,"132":0,"133":0,"134":0,"135":0,"136":0,"137":0,"138":0,"139":0,"140":0,"141":0,"142":0,"143":0,"144":0,"145":0,"146":0,"147":0,"148":0,"149":0,"150":0,"151":0,"152":0,"153":0,"154":0,"155":0,"156":0,"157":0},"f":{"0":15,"1":0,"2":0,"3":0,"4":15,"5":127,"6":0,"7":0,"8":0,"9":0,"10":0,"11":0,"12":0,"13":0,"14":0,"15":0,"16":0,"17":0,"18":0,"19":0,"20":0},"b":{"0":[0,0],"1":[0,0],"2":[0],"3":[0],"4":[0,0],"5":[0],"6":[0,0],"7":[0,0],"8":[0,0],"9":[0,0],"10":[0,0],"11":[0,0,0],"12":[0,0,0],"13":[0,0],"14":[0,0],"15":[0,0],"16":[0,0],"17":[0,0],"18":[0,0],"19":[0,0],"20":[0,0,0,0,0],"21":[0],"22":[0,0],"23":[0,0],"24":[0],"25":[0,0,0],"26":[0,0,0],"27":[0,0],"28":[0,0],"29":[0,0],"30":[0,0],"31":[0,0],"32":[0,0],"33":[0,0],"34":[0,0],"35":[0,0,0,0],"36":[0,0,0],"37":[0],"38":[0,0,0,0],"39":[0],"40":[0,0],"41":[0,0],"42":[0,0],"43":[0,0],"44":[0,0],"45":[0,0],"46":[0,0],"47":[0],"48":[0,0,0,0],"49":[26],"50":[127,104],"51":[0,0],"52":[0],"53":[0],"54":[0,0],"55":[0,0],"56":[0,0],"57":[0,0],"58":[0],"59":[0],"60":[0,0],"61":[0,0],"62":[0,0],"63":[0,0],"64":[0,0],"65":[0,0],"66":[0,0],"67":[0],"68":[0,0],"69":[0,0],"70":[0,0],"71":[0,0],"72":[0,0],"73":[0,0],"74":[0,0],"75":[0]}}
}
