TN:
SF:app/lib/communication/klaviyo-seeding.server.ts
FN:141,seedKlaviyoResources
FN:203,buildTemplateSeed
FN:218,renderHtml
FN:223,(anonymous_12)
FN:224,(anonymous_13)
FN:280,renderHighlight
FN:324,renderSecondaryCopy
FN:347,renderText
FN:364,stripHtml
FN:368,withSeedTimestamp
FN:375,getSMSBody
FNF:11
FNH:11
FNDA:2,seedKlaviyoResources
FNDA:15,buildTemplateSeed
FNDA:15,renderHtml
FNDA:15,(anonymous_12)
FNDA:15,(anonymous_13)
FNDA:30,renderHighlight
FNDA:35,renderSecondaryCopy
FNDA:15,renderText
FNDA:30,stripHtml
FNDA:30,withSeedTimestamp
FNDA:15,getSMSBody
DA:1,1
DA:11,1
DA:34,1
DA:111,1
DA:113,1
DA:127,1
DA:141,1
DA:144,2
DA:150,2
DA:156,2
DA:157,2
DA:158,2
DA:160,2
DA:161,15
DA:162,15
DA:163,15
DA:164,15
DA:166,15
DA:167,15
DA:169,15
DA:170,15
DA:172,15
DA:191,15
DA:194,2
DA:203,1
DA:206,15
DA:207,15
DA:208,15
DA:220,15
DA:223,30
DA:224,30
DA:226,15
DA:229,15
DA:230,15
DA:233,15
DA:234,15
DA:236,15
DA:237,15
DA:238,15
DA:241,15
DA:242,15
DA:245,15
DA:247,15
DA:252,15
DA:254,15
DA:255,15
DA:258,15
DA:260,1
DA:261,1
DA:262,14
DA:264,2
DA:265,2
DA:266,12
DA:268,2
DA:269,2
DA:271,10
DA:275,15
DA:277,15
DA:281,30
DA:283,4
DA:290,6
DA:295,4
DA:299,4
DA:303,4
DA:308,2
DA:312,2
DA:318,4
DA:325,35
DA:327,6
DA:329,6
DA:331,3
DA:334,8
DA:336,4
DA:338,2
DA:340,2
DA:343,4
DA:348,15
DA:365,30
DA:369,30
DA:376,15
DA:378,15
DA:381,15
DA:382,2
DA:385,13
LF:84
LH:84
BRDA:152,0,0,1
BRDA:152,0,1,1
BRDA:180,1,0,15
BRDA:180,1,1,15
BRDA:186,2,0,10
BRDA:186,2,1,5
BRDA:255,3,0,15
BRDA:255,3,1,0
BRDA:258,4,0,1
BRDA:258,4,1,14
BRDA:261,5,0,1
BRDA:261,5,1,0
BRDA:262,6,0,2
BRDA:262,6,1,12
BRDA:265,7,0,2
BRDA:265,7,1,0
BRDA:266,8,0,2
BRDA:266,8,1,10
BRDA:269,9,0,2
BRDA:269,9,1,0
BRDA:281,10,0,4
BRDA:281,10,1,4
BRDA:281,10,2,6
BRDA:281,10,3,4
BRDA:281,10,4,4
BRDA:281,10,5,4
BRDA:281,10,6,2
BRDA:281,10,7,2
BRDA:281,10,8,4
BRDA:281,10,9,4
BRDA:325,11,0,6
BRDA:325,11,1,6
BRDA:325,11,2,3
BRDA:325,11,3,4
BRDA:325,11,4,8
BRDA:325,11,5,4
BRDA:325,11,6,2
BRDA:325,11,7,2
BRDA:325,11,8,4
BRDA:325,11,9,4
BRDA:371,12,0,30
BRDA:371,12,1,0
BRDA:381,13,0,2
BRF:43
BRH:38
end_of_record
TN:
SF:app/lib/communication/klaviyo.constants.ts
FNF:0
FNH:0
DA:1,1
DA:15,1
DA:23,1
DA:29,1
DA:43,1
LF:5
LH:5
BRF:0
BRH:0
end_of_record
TN:
SF:app/lib/communication/mailchimp-seeding.server.ts
FN:44,seedMailchimpResources
FN:112,filterMarketingSequences
FN:117,(anonymous_2)
FN:124,(anonymous_3)
FN:132,(anonymous_4)
FN:173,(anonymous_5)
FN:194,(anonymous_6)
FN:201,(anonymous_7)
FN:238,(anonymous_8)
FN:244,(anonymous_9)
FN:249,(anonymous_10)
FN:254,(anonymous_11)
FN:259,(anonymous_12)
FN:276,(anonymous_13)
FN:294,convertMergeTags
FN:295,(anonymous_15)
FN:302,mapMergeTag
FNF:17
FNH:0
FNDA:0,seedMailchimpResources
FNDA:0,filterMarketingSequences
FNDA:0,(anonymous_2)
FNDA:0,(anonymous_3)
FNDA:0,(anonymous_4)
FNDA:0,(anonymous_5)
FNDA:0,(anonymous_6)
FNDA:0,(anonymous_7)
FNDA:0,(anonymous_8)
FNDA:0,(anonymous_9)
FNDA:0,(anonymous_10)
FNDA:0,(anonymous_11)
FNDA:0,(anonymous_12)
FNDA:0,(anonymous_13)
FNDA:0,convertMergeTags
FNDA:0,(anonymous_15)
FNDA:0,mapMergeTag
DA:1,1
DA:7,1
DA:44,1
DA:45,0
DA:46,0
DA:51,0
DA:57,0
DA:68,0
DA:69,0
DA:72,0
DA:74,0
DA:79,0
DA:80,0
DA:81,0
DA:82,0
DA:88,0
DA:89,0
DA:95,0
DA:116,0
DA:117,0
DA:124,0
DA:125,0
DA:126,0
DA:139,0
DA:140,0
DA:141,0
DA:144,0
DA:169,0
DA:170,0
DA:174,0
DA:175,0
DA:176,0
DA:179,0
DA:189,0
DA:191,0
DA:196,0
DA:199,0
DA:200,0
DA:201,0
DA:204,0
DA:205,0
DA:206,0
DA:207,0
DA:210,0
DA:211,0
DA:224,0
DA:227,0
DA:228,0
DA:229,0
DA:231,0
DA:239,0
DA:243,0
DA:244,0
DA:245,0
DA:246,0
DA:250,0
DA:253,0
DA:254,0
DA:255,0
DA:256,0
DA:260,0
DA:261,0
DA:266,0
DA:267,0
DA:268,0
DA:273,0
DA:277,0
DA:285,0
DA:286,0
DA:287,0
DA:290,0
DA:294,1
DA:295,0
DA:296,0
DA:297,0
DA:298,0
DA:303,0
DA:305,0
DA:307,0
DA:309,0
DA:311,0
LF:81
LH:4
BRDA:45,0,0,0
BRDA:45,1,0,0
BRDA:45,1,1,0
BRDA:53,2,0,0
BRDA:53,2,1,0
BRDA:54,3,0,0
BRDA:54,3,1,0
BRDA:58,4,0,0
BRDA:58,4,1,0
BRDA:63,5,0,0
BRDA:63,5,1,0
BRDA:68,6,0,0
BRDA:85,7,0,0
BRDA:85,7,1,0
BRDA:91,8,0,0
BRDA:91,8,1,0
BRDA:99,9,0,0
BRDA:99,9,1,0
BRDA:100,10,0,0
BRDA:100,10,1,0
BRDA:101,11,0,0
BRDA:101,11,1,0
BRDA:102,12,0,0
BRDA:102,12,1,0
BRDA:105,13,0,0
BRDA:105,13,1,0
BRDA:116,14,0,0
BRDA:117,15,0,0
BRDA:117,15,1,0
BRDA:117,15,2,0
BRDA:140,16,0,0
BRDA:151,17,0,0
BRDA:151,17,1,0
BRDA:156,18,0,0
BRDA:156,18,1,0
BRDA:175,19,0,0
BRDA:200,20,0,0
BRDA:200,20,1,0
BRDA:205,21,0,0
BRDA:227,22,0,0
BRDA:227,22,1,0
BRDA:228,23,0,0
BRDA:228,23,1,0
BRDA:228,24,0,0
BRDA:228,24,1,0
BRDA:245,25,0,0
BRDA:255,26,0,0
BRDA:260,27,0,0
BRDA:266,28,0,0
BRDA:281,29,0,0
BRDA:281,29,1,0
BRDA:285,30,0,0
BRDA:303,31,0,0
BRDA:303,31,1,0
BRDA:303,31,2,0
BRDA:303,31,3,0
BRF:56
BRH:0
end_of_record
TN:
SF:app/lib/communication/mailchimp.constants.ts
FN:57,(anonymous_0)
FNF:1
FNH:1
FNDA:9,(anonymous_0)
DA:1,1
DA:13,1
DA:19,1
DA:20,1
DA:22,1
DA:40,1
DA:56,1
DA:57,9
LF:8
LH:8
BRF:0
BRH:0
end_of_record
TN:
SF:app/lib/communication/template-variables.ts
FN:226,getTemplateVariables
FN:233,getTemplateSampleData
FN:240,convertVariableSyntax
FNF:3
FNH:0
FNDA:0,getTemplateVariables
FNDA:0,getTemplateSampleData
FNDA:0,convertVariableSyntax
DA:27,1
DA:91,1
DA:129,1
DA:155,1
DA:185,1
DA:215,1
DA:226,1
DA:227,0
DA:233,1
DA:234,0
DA:240,1
DA:241,0
DA:243,0
DA:245,0
DA:248,0
DA:250,0
LF:16
LH:9
BRDA:241,0,0,0
BRDA:241,0,1,0
BRDA:241,0,2,0
BRDA:241,0,3,0
BRF:4
BRH:0
end_of_record
TN:
SF:app/lib/communication/templates.server.ts
FN:19,loadBaseTemplate
FN:34,renderTemplate
FN:57,convertImageUrlToProxy
FN:84,renderSendGridTemplate
FN:253,convertTemplateForKlaviyo
FN:256,(anonymous_5)
FN:269,convertTemplateForMailchimp
FN:277,getTemplateVariables
FN:284,downloadTemplateForProvider
FN:317,escapeHtml
FN:325,(anonymous_10)
FN:332,buildExtensionStatusBlock
FN:367,buildRejoinOfferBlock
FN:390,buildCurrentOfferBlock
FN:412,buildUpgradeInfoBlock
FN:431,buildUpgradeOfferBlock
FN:460,buildMarketingProductsBlock
FN:468,(anonymous_17)
FN:520,buildStatusBodyMessage
FN:552,buildUpgradeMessage
FN:566,getSampleDataForPreview
FNF:21
FNH:3
FNDA:15,loadBaseTemplate
FNDA:0,renderTemplate
FNDA:0,convertImageUrlToProxy
FNDA:0,renderSendGridTemplate
FNDA:15,convertTemplateForKlaviyo
FNDA:127,(anonymous_5)
FNDA:0,convertTemplateForMailchimp
FNDA:0,getTemplateVariables
FNDA:0,downloadTemplateForProvider
FNDA:0,escapeHtml
FNDA:0,(anonymous_10)
FNDA:0,buildExtensionStatusBlock
FNDA:0,buildRejoinOfferBlock
FNDA:0,buildCurrentOfferBlock
FNDA:0,buildUpgradeInfoBlock
FNDA:0,buildUpgradeOfferBlock
FNDA:0,buildMarketingProductsBlock
FNDA:0,(anonymous_17)
FNDA:0,buildStatusBodyMessage
FNDA:0,buildUpgradeMessage
FNDA:0,getSampleDataForPreview
DA:6,1
DA:7,1
DA:9,1
DA:10,1
DA:11,1
DA:13,1
DA:19,1
DA:20,15
DA:21,15
DA:23,15
DA:24,15
DA:26,0
DA:34,1
DA:38,0
DA:41,0
DA:42,0
DA:43,0
DA:44,0
DA:47,0
DA:58,0
DA:61,0
DA:63,0
DA:64,0
DA:65,0
DA:66,0
DA:67,0
DA:74,0
DA:78,0
DA:81,0
DA:84,1
DA:94,0
DA:99,0
DA:100,0
DA:101,0
DA:102,0
DA:103,0
DA:104,0
DA:107,0
DA:108,0
DA:111,0
DA:112,0
DA:113,0
DA:114,0
DA:117,0
DA:121,0
DA:127,0
DA:128,0
DA:130,0
DA:131,0
DA:132,0
DA:133,0
DA:134,0
DA:138,0
DA:143,0
DA:144,0
DA:145,0
DA:146,0
DA:147,0
DA:148,0
DA:150,0
DA:152,0
DA:153,0
DA:154,0
DA:166,0
DA:167,0
DA:168,0
DA:170,0
DA:172,0
DA:179,0
DA:182,0
DA:183,0
DA:184,0
DA:193,0
DA:194,0
DA:195,0
DA:198,0
DA:199,0
DA:206,0
DA:219,0
DA:220,0
DA:228,0
DA:233,0
DA:247,0
DA:253,1
DA:256,15
DA:258,127
DA:259,26
DA:261,101
DA:269,1
DA:271,0
DA:277,1
DA:278,0
DA:284,1
DA:288,0
DA:291,0
DA:292,0
DA:293,0
DA:296,0
DA:297,0
DA:300,0
DA:301,0
DA:302,0
DA:305,0
DA:306,0
DA:307,0
DA:308,0
DA:311,0
DA:318,0
DA:325,0
DA:341,0
DA:342,0
DA:345,0
DA:346,0
DA:347,0
DA:351,0
DA:352,0
DA:356,0
DA:357,0
DA:358,0
DA:372,0
DA:394,0
DA:396,0
DA:417,0
DA:419,0
DA:437,0
DA:438,0
DA:440,0
DA:464,0
DA:465,0
DA:468,0
DA:469,0
DA:470,0
DA:471,0
DA:476,0
DA:477,0
DA:478,0
DA:484,0
DA:488,0
DA:492,0
DA:510,0
DA:530,0
DA:533,0
DA:534,0
DA:537,0
DA:538,0
DA:539,0
DA:540,0
DA:542,0
DA:543,0
DA:544,0
DA:552,1
DA:553,0
DA:554,0
DA:557,0
DA:566,1
DA:567,0
LF:156
LH:23
BRDA:26,0,0,0
BRDA:26,0,1,0
BRDA:43,1,0,0
BRDA:43,1,1,0
BRDA:58,2,0,0
BRDA:61,3,0,0
BRDA:61,4,0,0
BRDA:61,4,1,0
BRDA:64,5,0,0
BRDA:74,6,0,0
BRDA:74,6,1,0
BRDA:94,7,0,0
BRDA:94,7,1,0
BRDA:94,8,0,0
BRDA:94,8,1,0
BRDA:100,9,0,0
BRDA:100,9,1,0
BRDA:102,10,0,0
BRDA:102,10,1,0
BRDA:103,11,0,0
BRDA:103,11,1,0
BRDA:103,11,2,0
BRDA:104,12,0,0
BRDA:104,12,1,0
BRDA:104,12,2,0
BRDA:112,13,0,0
BRDA:112,13,1,0
BRDA:113,14,0,0
BRDA:113,14,1,0
BRDA:114,15,0,0
BRDA:114,15,1,0
BRDA:117,16,0,0
BRDA:117,16,1,0
BRDA:121,17,0,0
BRDA:121,17,1,0
BRDA:122,18,0,0
BRDA:122,18,1,0
BRDA:128,19,0,0
BRDA:128,19,1,0
BRDA:128,20,0,0
BRDA:128,20,1,0
BRDA:128,20,2,0
BRDA:128,20,3,0
BRDA:128,20,4,0
BRDA:133,21,0,0
BRDA:134,22,0,0
BRDA:134,22,1,0
BRDA:138,23,0,0
BRDA:138,23,1,0
BRDA:150,24,0,0
BRDA:152,25,0,0
BRDA:152,25,1,0
BRDA:152,25,2,0
BRDA:153,26,0,0
BRDA:153,26,1,0
BRDA:153,26,2,0
BRDA:156,27,0,0
BRDA:156,27,1,0
BRDA:157,28,0,0
BRDA:157,28,1,0
BRDA:158,29,0,0
BRDA:158,29,1,0
BRDA:159,30,0,0
BRDA:159,30,1,0
BRDA:161,31,0,0
BRDA:161,31,1,0
BRDA:167,32,0,0
BRDA:167,32,1,0
BRDA:168,33,0,0
BRDA:168,33,1,0
BRDA:170,34,0,0
BRDA:170,34,1,0
BRDA:170,35,0,0
BRDA:170,35,1,0
BRDA:170,35,2,0
BRDA:170,35,3,0
BRDA:182,36,0,0
BRDA:182,36,1,0
BRDA:182,36,2,0
BRDA:183,37,0,0
BRDA:183,38,0,0
BRDA:183,38,1,0
BRDA:183,38,2,0
BRDA:183,38,3,0
BRDA:193,39,0,0
BRDA:195,40,0,0
BRDA:195,40,1,0
BRDA:198,41,0,0
BRDA:198,41,1,0
BRDA:209,42,0,0
BRDA:209,42,1,0
BRDA:210,43,0,0
BRDA:210,43,1,0
BRDA:211,44,0,0
BRDA:211,44,1,0
BRDA:212,45,0,0
BRDA:212,45,1,0
BRDA:214,46,0,0
BRDA:214,46,1,0
BRDA:219,47,0,0
BRDA:219,48,0,0
BRDA:219,48,1,0
BRDA:219,48,2,0
BRDA:219,48,3,0
BRDA:258,49,0,26
BRDA:258,50,0,127
BRDA:258,50,1,104
BRDA:305,51,0,0
BRDA:305,51,1,0
BRDA:307,52,0,0
BRDA:345,53,0,0
BRDA:345,54,0,0
BRDA:345,54,1,0
BRDA:351,55,0,0
BRDA:351,55,1,0
BRDA:356,56,0,0
BRDA:356,56,1,0
BRDA:357,57,0,0
BRDA:357,57,1,0
BRDA:462,58,0,0
BRDA:464,59,0,0
BRDA:464,60,0,0
BRDA:464,60,1,0
BRDA:469,61,0,0
BRDA:469,61,1,0
BRDA:471,62,0,0
BRDA:471,62,1,0
BRDA:477,63,0,0
BRDA:477,63,1,0
BRDA:477,64,0,0
BRDA:477,64,1,0
BRDA:488,65,0,0
BRDA:488,65,1,0
BRDA:530,66,0,0
BRDA:530,66,1,0
BRDA:533,67,0,0
BRDA:533,68,0,0
BRDA:533,68,1,0
BRDA:537,69,0,0
BRDA:537,69,1,0
BRDA:537,70,0,0
BRDA:537,70,1,0
BRDA:539,71,0,0
BRDA:539,71,1,0
BRDA:539,72,0,0
BRDA:539,72,1,0
BRDA:542,73,0,0
BRDA:542,73,1,0
BRDA:543,74,0,0
BRDA:543,74,1,0
BRDA:553,75,0,0
BRF:151
BRH:3
end_of_record
